2024-11-16 00:59:19,015 - core.helpers.backlist_token - ERROR - Redis client is not initialized.
2024-11-17 10:58:22,088 - core.helpers.whitelist_token - ERROR - Redis client is not initialized.
2024-11-17 11:00:15,871 - core.helpers.whitelist_token - ERROR - Redis client is not initialized.
2024-11-17 11:02:41,444 - core.helpers.whitelist_token - ERROR - Redis client is not initialized.
2024-11-17 11:03:10,543 - core.helpers.whitelist_token - ERROR - Redis client is not initialized.
2024-11-17 12:05:16,992 - core.helpers.whitelist_token - ERROR - Error stored whitelist token for user 1 on: asyncio.run() cannot be called from a running event loop
Traceback (most recent call last):
  File "/zkit/core/helpers/whitelist_token.py", line 28, in create_token
    asyncio.run(cacheClient.set(key, "1"))
  File "/usr/local/lib/python3.11/asyncio/runners.py", line 186, in run
    raise RuntimeError(
RuntimeError: asyncio.run() cannot be called from a running event loop
2024-11-17 12:05:24,417 - core.helpers.whitelist_token - ERROR - Error stored whitelist token for user 1 on: asyncio.run() cannot be called from a running event loop
Traceback (most recent call last):
  File "/zkit/core/helpers/whitelist_token.py", line 28, in create_token
    asyncio.run(cacheClient.set(key, "1"))
  File "/usr/local/lib/python3.11/asyncio/runners.py", line 186, in run
    raise RuntimeError(
RuntimeError: asyncio.run() cannot be called from a running event loop
2024-11-17 12:22:51,429 - core.helpers.whitelist_token - ERROR - Error stored whitelist token for user 1 on: the JSON object must be str, bytes or bytearray, not coroutine
Traceback (most recent call last):
  File "/zkit/core/helpers/whitelist_token.py", line 29, in create_token
    print(json.loads(cache_data))
          ^^^^^^^^^^^^^^^^^^^^^^
  File "/usr/local/lib/python3.11/json/__init__.py", line 339, in loads
    raise TypeError(f'the JSON object must be str, bytes or bytearray, '
TypeError: the JSON object must be str, bytes or bytearray, not coroutine
2024-11-17 12:22:58,204 - core.helpers.whitelist_token - ERROR - Error stored whitelist token for user 1 on: the JSON object must be str, bytes or bytearray, not coroutine
Traceback (most recent call last):
  File "/zkit/core/helpers/whitelist_token.py", line 29, in create_token
    print(json.loads(cache_data))
          ^^^^^^^^^^^^^^^^^^^^^^
  File "/usr/local/lib/python3.11/json/__init__.py", line 339, in loads
    raise TypeError(f'the JSON object must be str, bytes or bytearray, '
TypeError: the JSON object must be str, bytes or bytearray, not coroutine
2024-11-17 12:22:58,331 - core.helpers.whitelist_token - ERROR - Error stored whitelist token for user 1 on: the JSON object must be str, bytes or bytearray, not coroutine
Traceback (most recent call last):
  File "/zkit/core/helpers/whitelist_token.py", line 29, in create_token
    print(json.loads(cache_data))
          ^^^^^^^^^^^^^^^^^^^^^^
  File "/usr/local/lib/python3.11/json/__init__.py", line 339, in loads
    raise TypeError(f'the JSON object must be str, bytes or bytearray, '
TypeError: the JSON object must be str, bytes or bytearray, not coroutine
2024-11-17 12:23:50,448 - core.helpers.whitelist_token - ERROR - Error stored whitelist token for user 1 on: 'coroutine' object has no attribute '__dict__'
Traceback (most recent call last):
  File "/zkit/core/helpers/whitelist_token.py", line 29, in create_token
    print(cache_data.__dict__)
          ^^^^^^^^^^^^^^^^^^^
AttributeError: 'coroutine' object has no attribute '__dict__'
2024-11-17 12:24:35,409 - core.helpers.whitelist_token - ERROR - Error stored whitelist token for user 1 on: 'coroutine' object has no attribute 'decode'
Traceback (most recent call last):
  File "/zkit/core/helpers/whitelist_token.py", line 29, in create_token
    print(cache_data.decode())
          ^^^^^^^^^^^^^^^^^
AttributeError: 'coroutine' object has no attribute 'decode'
2024-11-17 12:57:25,038 - core.helpers.whitelist_token - ERROR - Redis client is not initialized.
2024-11-17 12:57:32,602 - core.helpers.whitelist_token - ERROR - Redis client is not initialized.
2024-11-17 12:57:34,931 - core.helpers.whitelist_token - ERROR - Redis client is not initialized.
2024-11-17 12:58:02,734 - core.helpers.whitelist_token - ERROR - Redis client is not initialized.
2024-11-17 12:58:06,010 - core.helpers.whitelist_token - ERROR - Redis client is not initialized.
2024-11-17 12:58:40,867 - core.helpers.whitelist_token - ERROR - Redis client is not initialized.
2024-11-17 13:00:05,768 - core.helpers.whitelist_token - ERROR - Redis client is not initialized.
2024-11-17 13:02:15,037 - core.helpers.whitelist_token - ERROR - Redis client is not initialized.
2024-11-17 13:02:16,143 - core.helpers.whitelist_token - ERROR - Redis client is not initialized.
2024-11-17 13:02:19,512 - core.helpers.whitelist_token - ERROR - Redis client is not initialized.
2024-11-17 13:02:20,493 - core.helpers.whitelist_token - ERROR - Redis client is not initialized.
2024-11-17 13:02:21,364 - core.helpers.whitelist_token - ERROR - Redis client is not initialized.
2024-11-17 13:02:22,177 - core.helpers.whitelist_token - ERROR - Redis client is not initialized.
2024-11-17 13:02:23,302 - core.helpers.whitelist_token - ERROR - Redis client is not initialized.
2024-11-17 13:02:23,966 - core.helpers.whitelist_token - ERROR - Redis client is not initialized.
2025-03-19 01:04:34,612 - core.consul.register_service - ERROR - Retrying to connect to consul ...
2025-03-19 01:04:35,115 - core.consul.register_service - ERROR - Retrying to connect to consul ...
2025-03-19 01:04:35,621 - core.consul.register_service - ERROR - Retrying to connect to consul ...
2025-03-19 01:04:36,124 - core.consul.register_service - ERROR - Retrying to connect to consul ...
2025-03-19 01:04:36,630 - core.consul.register_service - ERROR - Retrying to connect to consul ...
2025-03-19 01:04:37,133 - core.consul.register_service - ERROR - Retrying to connect to consul ...
2025-03-19 01:04:37,634 - core.consul.register_service - ERROR - Retrying to connect to consul ...
2025-03-19 01:04:38,139 - core.consul.register_service - ERROR - Retrying to connect to consul ...
2025-03-19 01:04:38,642 - core.consul.register_service - ERROR - Retrying to connect to consul ...
2025-03-19 01:04:39,144 - core.consul.register_service - ERROR - Retrying to connect to consul ...
2025-03-19 01:04:39,646 - core.consul.register_service - ERROR - Retrying to connect to consul ...
2025-03-19 01:04:40,148 - core.consul.register_service - ERROR - Retrying to connect to consul ...
2025-03-19 01:04:40,649 - core.consul.register_service - ERROR - Retrying to connect to consul ...
2025-03-19 01:04:41,151 - core.consul.register_service - ERROR - Retrying to connect to consul ...
2025-03-19 01:04:41,654 - core.consul.register_service - ERROR - Retrying to connect to consul ...
2025-03-19 01:04:42,156 - core.consul.register_service - ERROR - Retrying to connect to consul ...
2025-03-19 01:04:42,660 - core.consul.register_service - ERROR - Retrying to connect to consul ...
2025-03-19 01:04:43,162 - core.consul.register_service - ERROR - Retrying to connect to consul ...
2025-03-19 01:04:43,665 - core.consul.register_service - ERROR - Retrying to connect to consul ...
2025-03-19 01:04:44,167 - core.consul.register_service - ERROR - Retrying to connect to consul ...
2025-03-19 01:04:44,672 - core.consul.register_service - ERROR - Retrying to connect to consul ...
2025-03-19 01:04:45,174 - core.consul.register_service - ERROR - Retrying to connect to consul ...
2025-03-19 01:04:45,677 - core.consul.register_service - ERROR - Retrying to connect to consul ...
2025-03-19 01:04:46,178 - core.consul.register_service - ERROR - Retrying to connect to consul ...
2025-03-19 01:04:46,684 - core.consul.register_service - ERROR - Retrying to connect to consul ...
2025-03-19 01:04:47,186 - core.consul.register_service - ERROR - Retrying to connect to consul ...
2025-03-19 01:04:47,691 - core.consul.register_service - ERROR - Retrying to connect to consul ...
2025-03-19 01:04:48,193 - core.consul.register_service - ERROR - Retrying to connect to consul ...
2025-03-19 01:04:48,699 - core.consul.register_service - ERROR - Retrying to connect to consul ...
2025-03-19 01:04:49,200 - core.consul.register_service - ERROR - Retrying to connect to consul ...
2025-03-19 01:04:49,703 - core.consul.register_service - ERROR - Retrying to connect to consul ...
2025-03-19 01:04:50,205 - core.consul.register_service - ERROR - Retrying to connect to consul ...
2025-03-19 01:04:50,706 - core.consul.register_service - ERROR - Retrying to connect to consul ...
2025-03-19 01:04:51,208 - core.consul.register_service - ERROR - Retrying to connect to consul ...
2025-03-19 01:04:51,713 - core.consul.register_service - ERROR - Retrying to connect to consul ...
2025-03-19 01:04:52,215 - core.consul.register_service - ERROR - Retrying to connect to consul ...
2025-03-19 01:04:52,718 - core.consul.register_service - ERROR - Retrying to connect to consul ...
2025-03-19 01:04:53,220 - core.consul.register_service - ERROR - Retrying to connect to consul ...
2025-03-19 01:04:53,724 - core.consul.register_service - ERROR - Retrying to connect to consul ...
2025-03-19 01:04:54,226 - core.consul.register_service - ERROR - Retrying to connect to consul ...
2025-03-19 01:04:54,731 - core.consul.register_service - ERROR - Retrying to connect to consul ...
2025-03-19 01:04:55,233 - core.consul.register_service - ERROR - Retrying to connect to consul ...
2025-03-19 01:04:55,738 - core.consul.register_service - ERROR - Retrying to connect to consul ...
2025-03-19 01:04:56,240 - core.consul.register_service - ERROR - Retrying to connect to consul ...
2025-03-19 01:04:56,745 - core.consul.register_service - ERROR - Retrying to connect to consul ...
2025-03-19 01:04:57,247 - core.consul.register_service - ERROR - Retrying to connect to consul ...
2025-03-19 01:04:57,751 - core.consul.register_service - ERROR - Retrying to connect to consul ...
2025-03-19 01:04:58,253 - core.consul.register_service - ERROR - Retrying to connect to consul ...
2025-03-19 01:04:58,758 - core.consul.register_service - ERROR - Retrying to connect to consul ...
2025-03-19 01:04:59,260 - core.consul.register_service - ERROR - Retrying to connect to consul ...
2025-03-19 01:04:59,762 - core.consul.register_service - ERROR - Retrying to connect to consul ...
2025-03-19 01:05:00,264 - core.consul.register_service - ERROR - Retrying to connect to consul ...
2025-03-19 01:05:00,769 - core.consul.register_service - ERROR - Retrying to connect to consul ...
2025-03-19 01:05:01,270 - core.consul.register_service - ERROR - Retrying to connect to consul ...
2025-03-19 01:05:01,774 - core.consul.register_service - ERROR - Retrying to connect to consul ...
2025-03-19 01:05:02,276 - core.consul.register_service - ERROR - Retrying to connect to consul ...
2025-03-19 01:05:02,780 - core.consul.register_service - ERROR - Retrying to connect to consul ...
2025-03-19 01:05:03,281 - core.consul.register_service - ERROR - Retrying to connect to consul ...
2025-03-19 01:05:03,783 - core.consul.register_service - ERROR - Retrying to connect to consul ...
2025-03-19 01:05:04,285 - core.consul.register_service - ERROR - Retrying to connect to consul ...
2025-03-19 01:05:04,788 - core.consul.register_service - ERROR - Retrying to connect to consul ...
2025-03-19 01:05:05,291 - core.consul.register_service - ERROR - Retrying to connect to consul ...
2025-03-19 01:05:05,795 - core.consul.register_service - ERROR - Retrying to connect to consul ...
2025-03-19 01:05:06,296 - core.consul.register_service - ERROR - Retrying to connect to consul ...
2025-03-19 01:05:06,800 - core.consul.register_service - ERROR - Retrying to connect to consul ...
2025-03-19 01:05:07,303 - core.consul.register_service - ERROR - Retrying to connect to consul ...
2025-03-19 01:05:07,807 - core.consul.register_service - ERROR - Retrying to connect to consul ...
2025-03-19 01:05:08,309 - core.consul.register_service - ERROR - Retrying to connect to consul ...
2025-03-19 01:05:15,638 - http - INFO - Request: GET http://localhost/api/v1/users/1
2025-03-19 01:05:15,653 - http - INFO - Response: 200
2025-03-19 01:05:25,909 - http - INFO - Request: GET http://localhost/api/v1/users/1
2025-03-19 01:05:25,920 - http - INFO - Response: 200
2025-03-19 01:05:26,984 - http - INFO - Request: GET http://localhost/api/v1/users/1
2025-03-19 01:05:26,999 - http - INFO - Response: 200
2025-03-19 01:06:06,230 - http - INFO - Request: GET http://localhost/api/v1/users/1
2025-03-19 01:06:06,246 - http - INFO - Response: 200
2025-03-19 01:06:32,279 - http - INFO - Request: GET http://api_gateway:8000/health
2025-03-19 01:06:32,281 - http - INFO - Response: 200
2025-03-19 01:07:32,285 - http - INFO - Request: GET http://api_gateway:8000/health
2025-03-19 01:07:32,287 - http - INFO - Response: 200
2025-03-19 01:08:32,290 - http - INFO - Request: GET http://api_gateway:8000/health
2025-03-19 01:08:32,290 - http - INFO - Response: 200
2025-03-19 01:09:06,371 - http - INFO - Request: GET http://api_gateway:8000/health
2025-03-19 01:09:06,374 - http - INFO - Response: 200
2025-03-19 01:10:06,377 - http - INFO - Request: GET http://api_gateway:8000/health
2025-03-19 01:10:06,378 - http - INFO - Response: 200
2025-03-19 01:10:58,705 - http - INFO - Request: GET http://api_gateway:8000/health
2025-03-19 01:10:58,707 - http - INFO - Response: 200
2025-03-19 01:11:25,817 - http - INFO - Request: GET http://api_gateway:8000/health
2025-03-19 01:11:25,819 - http - INFO - Response: 200
2025-03-19 01:12:52,758 - http - INFO - Request: GET http://api_gateway:8000/health
2025-03-19 01:12:52,760 - http - INFO - Response: 200
2025-03-19 01:13:17,147 - http - INFO - Request: GET http://api_gateway:8000/health
2025-03-19 01:13:17,149 - http - INFO - Response: 200
2025-03-19 01:14:14,792 - http - INFO - Request: GET http://api_gateway:8000/health
2025-03-19 01:14:14,797 - http - INFO - Response: 200
2025-03-19 01:15:02,556 - http - INFO - Request: GET http://api_gateway:8000/health
2025-03-19 01:15:02,559 - http - INFO - Response: 200
2025-03-19 01:16:02,561 - http - INFO - Request: GET http://api_gateway:8000/health
2025-03-19 01:16:02,562 - http - INFO - Response: 200
2025-03-19 01:17:02,565 - http - INFO - Request: GET http://api_gateway:8000/health
2025-03-19 01:17:02,567 - http - INFO - Response: 200
2025-03-19 01:17:18,628 - http - INFO - Request: GET http://api_gateway:8000/health
2025-03-19 01:17:18,630 - http - INFO - Response: 200
2025-03-19 01:17:27,618 - http - INFO - Request: GET http://localhost/api/v1/users/1
2025-03-19 01:17:27,638 - http - INFO - Response: 200
2025-03-19 01:17:28,711 - http - INFO - Request: GET http://localhost/api/v1/users/1
2025-03-19 01:17:28,729 - http - INFO - Response: 200
2025-03-19 01:17:29,309 - http - INFO - Request: GET http://localhost/api/v1/users/1
2025-03-19 01:17:29,319 - http - INFO - Response: 200
2025-03-19 01:18:18,631 - http - INFO - Request: GET http://api_gateway:8000/health
2025-03-19 01:18:18,632 - http - INFO - Response: 200
2025-03-19 01:18:35,374 - http - INFO - Request: GET http://api_gateway:8000/health
2025-03-19 01:18:35,380 - http - INFO - Response: 200
2025-03-19 01:19:58,106 - http - INFO - Request: GET http://api_gateway:8000/health
2025-03-19 01:19:58,108 - http - INFO - Response: 200
2025-03-19 01:21:19,924 - http - INFO - Request: GET http://localhost/api/v1/users/1
2025-03-19 01:21:19,941 - http - INFO - Response: 200
2025-03-19 01:21:21,164 - http - INFO - Request: GET http://localhost/api/v1/users/1
2025-03-19 01:21:21,180 - http - INFO - Response: 200
2025-03-19 01:21:26,414 - http - INFO - Request: GET http://localhost/api/v1/users/1
2025-03-19 01:21:26,429 - http - INFO - Response: 200
2025-03-19 01:21:32,997 - core.setup - INFO - Loaded 1 instances for engine
2025-03-19 01:21:36,964 - http - INFO - Request: GET http://localhost/api/v1/users/1
2025-03-19 01:21:36,975 - http - INFO - Response: 200
2025-03-19 01:22:15,313 - http - INFO - Request: GET http://api_gateway:8000/health
2025-03-19 01:22:15,314 - http - INFO - Response: 200
2025-03-19 01:22:22,731 - core.setup - INFO - Loaded 1 instances for engine
2025-03-19 01:22:32,927 - http - INFO - Request: GET http://api_gateway:8000/health
2025-03-19 01:22:32,929 - http - INFO - Response: 200
2025-03-19 01:23:32,933 - http - INFO - Request: GET http://api_gateway:8000/health
2025-03-19 01:23:32,936 - http - INFO - Response: 200
2025-03-19 01:24:32,940 - http - INFO - Request: GET http://api_gateway:8000/health
2025-03-19 01:24:32,943 - http - INFO - Response: 200
2025-03-19 01:25:32,947 - http - INFO - Request: GET http://api_gateway:8000/health
2025-03-19 01:25:32,949 - http - INFO - Response: 200
2025-03-19 01:26:32,953 - http - INFO - Request: GET http://api_gateway:8000/health
2025-03-19 01:26:32,956 - http - INFO - Response: 200
2025-03-19 01:26:34,441 - core.setup - INFO - Loaded 1 instances for engine
2025-03-19 01:26:41,982 - core.setup - INFO - Loaded 1 instances for engine
2025-03-19 01:27:24,935 - http - INFO - Request: GET http://api_gateway:8000/health
2025-03-19 01:27:24,937 - http - INFO - Response: 200
2025-03-19 01:27:50,760 - http - INFO - Request: GET http://api_gateway:8000/health
2025-03-19 01:27:50,766 - http - INFO - Response: 200
2025-03-19 01:28:45,270 - http - INFO - Request: GET http://api_gateway:8000/health
2025-03-19 01:28:45,274 - http - INFO - Response: 200
2025-03-19 01:29:51,745 - http - INFO - Request: GET http://api_gateway:8000/health
2025-03-19 01:29:51,751 - http - INFO - Response: 200
2025-03-19 01:30:36,820 - core.setup - INFO - Loaded 1 instances for engine
2025-03-19 01:30:48,625 - core.setup - INFO - Loaded 1 instances for engine
2025-03-19 01:30:55,058 - http - INFO - Request: GET http://api_gateway:8000/health
2025-03-19 01:30:55,063 - http - INFO - Response: 200
2025-03-19 01:31:02,639 - core.setup - INFO - Loaded 1 instances for engine
2025-03-19 01:31:53,489 - http - INFO - Request: GET http://api_gateway:8000/health
2025-03-19 01:31:53,490 - http - INFO - Response: 200
2025-03-19 01:32:11,902 - core.setup - INFO - Loaded 1 instances for engine
2025-03-19 01:32:37,722 - core.setup - INFO - Loaded 1 instances for engine
2025-03-19 01:32:45,132 - core.setup - INFO - Loaded 1 instances for engine
2025-03-19 01:32:54,556 - core.setup - INFO - Loaded 1 instances for engine
2025-03-19 01:33:42,954 - http - INFO - Request: GET http://api_gateway:8000/health
2025-03-19 01:33:42,956 - http - INFO - Response: 200
2025-03-19 01:34:42,957 - http - INFO - Request: GET http://api_gateway:8000/health
2025-03-19 01:34:42,958 - http - INFO - Response: 200
2025-03-19 01:34:59,545 - core.setup - INFO - Loaded 1 instances for engine
2025-03-19 01:35:48,819 - http - INFO - Request: GET http://api_gateway:8000/health
2025-03-19 01:35:48,824 - http - INFO - Response: 200
2025-03-19 01:37:01,635 - http - INFO - Request: GET http://api_gateway:8000/health
2025-03-19 01:37:01,637 - http - INFO - Response: 200
2025-03-19 01:37:13,742 - http - INFO - Request: GET http://localhost/api/v1/users/1
2025-03-19 01:37:13,760 - http - INFO - Response: 200
2025-03-19 01:37:14,614 - http - INFO - Request: GET http://localhost/api/v1/users/1
2025-03-19 01:37:14,628 - http - INFO - Response: 200
2025-03-19 01:37:15,185 - http - INFO - Request: GET http://localhost/api/v1/users/1
2025-03-19 01:37:15,198 - http - INFO - Response: 200
2025-03-19 01:37:15,763 - http - INFO - Request: GET http://localhost/api/v1/users/1
2025-03-19 01:37:15,769 - http - INFO - Response: 200
2025-03-19 01:37:16,332 - http - INFO - Request: GET http://localhost/api/v1/users/1
2025-03-19 01:37:16,344 - http - INFO - Response: 200
2025-03-19 01:37:16,829 - http - INFO - Request: GET http://localhost/api/v1/users/1
2025-03-19 01:37:16,846 - http - INFO - Response: 200
2025-03-19 01:37:17,201 - http - INFO - Request: GET http://localhost/api/v1/users/1
2025-03-19 01:37:17,214 - http - INFO - Response: 200
2025-03-19 01:37:17,714 - http - INFO - Request: GET http://localhost/api/v1/users/1
2025-03-19 01:37:17,724 - http - INFO - Response: 200
2025-03-19 01:37:18,124 - http - INFO - Request: GET http://localhost/api/v1/users/1
2025-03-19 01:37:18,139 - http - INFO - Response: 200
2025-03-19 01:37:18,501 - http - INFO - Request: GET http://localhost/api/v1/users/1
2025-03-19 01:37:18,518 - http - INFO - Response: 200
2025-03-19 01:37:18,895 - http - INFO - Request: GET http://localhost/api/v1/users/1
2025-03-19 01:37:18,906 - http - INFO - Response: 200
2025-03-19 01:37:19,499 - http - INFO - Request: GET http://localhost/api/v1/users/1
2025-03-19 01:37:19,512 - http - INFO - Response: 200
2025-03-19 01:37:19,964 - http - INFO - Request: GET http://localhost/api/v1/users/1
2025-03-19 01:37:19,973 - http - INFO - Response: 200
2025-03-19 01:37:20,514 - http - INFO - Request: GET http://localhost/api/v1/users/1
2025-03-19 01:37:20,524 - http - INFO - Response: 200
2025-03-19 01:37:21,111 - http - INFO - Request: GET http://localhost/api/v1/users/1
2025-03-19 01:37:21,125 - http - INFO - Response: 200
2025-03-19 01:37:45,323 - http - INFO - Request: GET http://api_gateway:8000/health
2025-03-19 01:37:45,330 - http - INFO - Response: 200
2025-03-19 01:38:45,333 - http - INFO - Request: GET http://api_gateway:8000/health
2025-03-19 01:38:45,334 - http - INFO - Response: 200
2025-03-19 01:41:00,786 - http - INFO - Request: GET http://api_gateway:8000/health
2025-03-19 01:41:00,787 - http - INFO - Request: GET http://localhost/api/v1/users/1
2025-03-19 01:41:00,790 - http - INFO - Response: 200
2025-03-19 01:41:00,797 - http - INFO - Response: 200
2025-03-19 01:41:02,208 - http - INFO - Request: GET http://localhost/api/v1/users/1
2025-03-19 01:41:02,215 - http - INFO - Response: 200
2025-03-19 01:41:02,709 - http - INFO - Request: GET http://api_gateway:8000/health
2025-03-19 01:41:02,711 - http - INFO - Response: 200
2025-03-19 01:41:05,402 - http - INFO - Request: GET http://localhost/api/v1/users/1
2025-03-19 01:41:05,425 - http - INFO - Response: 200
2025-03-19 01:41:10,784 - http - INFO - Request: GET http://localhost/api/v1/users/1
2025-03-19 01:41:10,808 - http - INFO - Response: 200
2025-03-19 01:41:11,415 - http - INFO - Request: GET http://localhost/api/v1/users/1
2025-03-19 01:41:11,440 - http - INFO - Response: 200
2025-03-19 01:41:11,857 - http - INFO - Request: GET http://localhost/api/v1/users/1
2025-03-19 01:41:11,881 - http - INFO - Response: 200
2025-03-19 01:41:12,164 - http - INFO - Request: GET http://localhost/api/v1/users/1
2025-03-19 01:41:12,172 - http - INFO - Response: 200
2025-03-19 01:41:12,519 - http - INFO - Request: GET http://localhost/api/v1/users/1
2025-03-19 01:41:12,543 - http - INFO - Response: 200
2025-03-19 01:41:12,836 - http - INFO - Request: GET http://localhost/api/v1/users/1
2025-03-19 01:41:12,859 - http - INFO - Response: 200
2025-03-19 01:41:13,123 - http - INFO - Request: GET http://localhost/api/v1/users/1
2025-03-19 01:41:13,131 - http - INFO - Response: 200
2025-03-19 01:41:13,451 - http - INFO - Request: GET http://localhost/api/v1/users/1
2025-03-19 01:41:13,460 - http - INFO - Response: 200
2025-03-19 01:41:13,792 - http - INFO - Request: GET http://localhost/api/v1/users/1
2025-03-19 01:41:13,805 - http - INFO - Response: 200
2025-03-19 01:41:14,133 - http - INFO - Request: GET http://localhost/api/v1/users/1
2025-03-19 01:41:14,140 - http - INFO - Response: 200
2025-03-19 01:41:14,500 - http - INFO - Request: GET http://localhost/api/v1/users/1
2025-03-19 01:41:14,525 - http - INFO - Response: 200
2025-03-19 01:41:14,868 - http - INFO - Request: GET http://localhost/api/v1/users/1
2025-03-19 01:41:14,890 - http - INFO - Response: 200
2025-03-19 01:41:15,203 - http - INFO - Request: GET http://localhost/api/v1/users/1
2025-03-19 01:41:15,209 - http - INFO - Response: 200
2025-03-19 01:41:15,502 - http - INFO - Request: GET http://localhost/api/v1/users/1
2025-03-19 01:41:15,518 - http - INFO - Response: 200
2025-03-19 01:41:15,903 - http - INFO - Request: GET http://localhost/api/v1/users/1
2025-03-19 01:41:15,926 - http - INFO - Response: 200
2025-03-19 01:41:16,249 - http - INFO - Request: GET http://localhost/api/v1/users/1
2025-03-19 01:41:16,256 - http - INFO - Response: 200
2025-03-19 01:41:16,586 - http - INFO - Request: GET http://localhost/api/v1/users/1
2025-03-19 01:41:16,607 - http - INFO - Response: 200
2025-03-19 01:41:16,906 - http - INFO - Request: GET http://localhost/api/v1/users/1
2025-03-19 01:41:16,929 - http - INFO - Response: 200
2025-03-19 01:41:17,232 - http - INFO - Request: GET http://localhost/api/v1/users/1
2025-03-19 01:41:17,239 - http - INFO - Response: 200
2025-03-19 01:41:17,592 - http - INFO - Request: GET http://localhost/api/v1/users/1
2025-03-19 01:41:17,610 - http - INFO - Response: 200
2025-03-19 01:41:17,908 - http - INFO - Request: GET http://localhost/api/v1/users/1
2025-03-19 01:41:17,925 - http - INFO - Response: 200
2025-03-19 01:41:18,249 - http - INFO - Request: GET http://localhost/api/v1/users/1
2025-03-19 01:41:18,256 - http - INFO - Response: 200
2025-03-19 01:41:18,673 - http - INFO - Request: GET http://localhost/api/v1/users/1
2025-03-19 01:41:18,690 - http - INFO - Response: 200
2025-03-19 01:41:19,058 - http - INFO - Request: GET http://localhost/api/v1/users/1
2025-03-19 01:41:19,074 - http - INFO - Response: 200
2025-03-19 01:41:19,446 - http - INFO - Request: GET http://localhost/api/v1/users/1
2025-03-19 01:41:19,470 - http - INFO - Response: 200
2025-03-19 01:41:19,828 - http - INFO - Request: GET http://localhost/api/v1/users/1
2025-03-19 01:41:19,851 - http - INFO - Response: 200
2025-03-19 01:41:20,174 - http - INFO - Request: GET http://localhost/api/v1/users/1
2025-03-19 01:41:20,180 - http - INFO - Response: 200
2025-03-19 01:41:20,600 - http - INFO - Request: GET http://localhost/api/v1/users/1
2025-03-19 01:41:20,623 - http - INFO - Response: 200
2025-03-19 01:41:21,272 - http - INFO - Request: GET http://localhost/api/v1/users/1
2025-03-19 01:41:21,278 - http - INFO - Response: 200
2025-03-19 01:41:21,869 - http - INFO - Request: GET http://localhost/api/v1/users/1
2025-03-19 01:41:21,890 - http - INFO - Response: 200
2025-03-19 01:41:22,290 - http - INFO - Request: GET http://localhost/api/v1/users/1
2025-03-19 01:41:22,297 - http - INFO - Response: 200
2025-03-19 01:41:22,646 - http - INFO - Request: GET http://localhost/api/v1/users/1
2025-03-19 01:41:22,669 - http - INFO - Response: 200
2025-03-19 01:41:22,973 - http - INFO - Request: GET http://localhost/api/v1/users/1
2025-03-19 01:41:22,985 - http - INFO - Response: 200
2025-03-19 01:41:23,435 - http - INFO - Request: GET http://localhost/api/v1/users/1
2025-03-19 01:41:23,452 - http - INFO - Response: 200
2025-03-19 01:41:23,872 - http - INFO - Request: GET http://localhost/api/v1/users/1
2025-03-19 01:41:23,886 - http - INFO - Response: 200
2025-03-19 01:41:24,198 - http - INFO - Request: GET http://localhost/api/v1/users/1
2025-03-19 01:41:24,205 - http - INFO - Response: 200
2025-03-19 01:41:24,709 - http - INFO - Request: GET http://localhost/api/v1/users/1
2025-03-19 01:41:24,732 - http - INFO - Response: 200
2025-03-19 01:41:25,300 - http - INFO - Request: GET http://localhost/api/v1/users/1
2025-03-19 01:41:25,308 - http - INFO - Response: 200
2025-03-19 01:41:25,798 - http - INFO - Request: GET http://localhost/api/v1/users/1
2025-03-19 01:41:25,814 - http - INFO - Response: 200
2025-03-19 01:41:26,155 - http - INFO - Request: GET http://localhost/api/v1/users/1
2025-03-19 01:41:26,161 - http - INFO - Response: 200
2025-03-19 01:41:26,589 - http - INFO - Request: GET http://localhost/api/v1/users/1
2025-03-19 01:41:26,612 - http - INFO - Response: 200
2025-03-19 01:41:31,482 - http - INFO - Request: GET http://localhost/api/v1/users/1
2025-03-19 01:41:31,493 - http - INFO - Response: 200
2025-03-19 01:42:02,715 - http - INFO - Request: GET http://api_gateway:8000/health
2025-03-19 01:42:02,717 - http - INFO - Response: 200
2025-03-19 22:20:07,727 - http - INFO - Request: GET http://localhost/docs
2025-03-19 22:20:07,731 - http - INFO - Response: 200
2025-03-19 22:20:08,391 - http - INFO - Request: GET http://localhost/openapi.json
2025-03-19 22:20:08,415 - http - INFO - Response: 200
2025-03-19 22:21:02,168 - http - INFO - Request: GET http://api_gateway:8000/health
2025-03-19 22:21:02,171 - http - INFO - Response: 200
2025-03-19 22:21:23,736 - http - INFO - Request: POST http://localhost/api/v1/authenticate/login
2025-03-19 22:21:23,747 - core.consul.discovery_service - ERROR - Error discovering service None: 503: Service None not found in Consul
2025-03-19 22:21:23,748 - http - INFO - Response: 503
2025-03-19 22:21:55,392 - http - INFO - Request: GET http://api_gateway:8000/health
2025-03-19 22:21:55,395 - http - INFO - Response: 200
2025-03-19 22:22:55,400 - http - INFO - Request: GET http://api_gateway:8000/health
2025-03-19 22:22:55,401 - http - INFO - Response: 200
2025-03-19 22:23:55,404 - http - INFO - Request: GET http://api_gateway:8000/health
2025-03-19 22:23:55,405 - http - INFO - Response: 200
2025-03-19 22:24:55,412 - http - INFO - Request: GET http://api_gateway:8000/health
2025-03-19 22:24:55,413 - http - INFO - Response: 200
2025-03-19 22:25:55,416 - http - INFO - Request: GET http://api_gateway:8000/health
2025-03-19 22:25:55,416 - http - INFO - Response: 200
2025-03-19 22:26:31,914 - http - INFO - Request: GET http://api_gateway:8000/health
2025-03-19 22:26:31,917 - http - INFO - Response: 200
2025-03-19 22:27:17,850 - http - INFO - Request: GET http://api_gateway:8000/health
2025-03-19 22:27:17,852 - http - INFO - Response: 200
2025-03-19 22:28:17,856 - http - INFO - Request: GET http://api_gateway:8000/health
2025-03-19 22:28:17,858 - http - INFO - Response: 200
2025-03-19 22:29:23,985 - http - INFO - Request: GET http://api_gateway:8000/health
2025-03-19 22:29:23,987 - http - INFO - Response: 200
2025-03-19 22:30:23,992 - http - INFO - Request: GET http://api_gateway:8000/health
2025-03-19 22:30:23,994 - http - INFO - Response: 200
2025-03-19 22:31:23,998 - http - INFO - Request: GET http://api_gateway:8000/health
2025-03-19 22:31:24,001 - http - INFO - Response: 200
2025-03-19 22:32:36,940 - http - INFO - Request: GET http://api_gateway:8000/health
2025-03-19 22:32:36,941 - http - INFO - Response: 200
2025-03-19 22:32:59,062 - http - INFO - Request: GET http://api_gateway:8000/health
2025-03-19 22:32:59,064 - http - INFO - Response: 200
2025-03-19 22:33:08,299 - http - INFO - Request: GET http://api_gateway:8000/health
2025-03-19 22:33:08,299 - http - INFO - Response: 200
2025-03-19 22:33:42,246 - http - INFO - Request: GET http://api_gateway:8000/health
2025-03-19 22:33:42,248 - http - INFO - Response: 200
2025-03-19 22:34:28,472 - http - INFO - Request: GET http://api_gateway:8000/health
2025-03-19 22:34:28,472 - http - INFO - Response: 200
2025-03-19 22:34:54,548 - http - INFO - Request: GET http://api_gateway:8000/health
2025-03-19 22:34:54,550 - http - INFO - Response: 200
2025-03-19 22:35:42,170 - http - INFO - Request: GET http://api_gateway:8000/health
2025-03-19 22:35:42,172 - http - INFO - Response: 200
2025-03-19 22:37:12,635 - http - INFO - Request: GET http://api_gateway:8000/health
2025-03-19 22:37:12,635 - http - INFO - Response: 200
2025-03-19 22:38:12,638 - http - INFO - Request: GET http://api_gateway:8000/health
2025-03-19 22:38:12,639 - http - INFO - Response: 200
2025-03-19 22:39:12,642 - http - INFO - Request: GET http://api_gateway:8000/health
2025-03-19 22:39:12,644 - http - INFO - Response: 200
2025-03-19 22:40:23,209 - http - INFO - Request: GET http://api_gateway:8000/health
2025-03-19 22:40:23,209 - http - INFO - Response: 200
2025-03-19 22:41:23,212 - http - INFO - Request: GET http://api_gateway:8000/health
2025-03-19 22:41:23,213 - http - INFO - Response: 200
2025-03-19 22:42:23,216 - http - INFO - Request: GET http://api_gateway:8000/health
2025-03-19 22:42:23,218 - http - INFO - Response: 200
2025-03-19 22:43:23,223 - http - INFO - Request: GET http://api_gateway:8000/health
2025-03-19 22:43:23,225 - http - INFO - Response: 200
2025-03-19 22:44:23,228 - http - INFO - Request: GET http://api_gateway:8000/health
2025-03-19 22:44:23,229 - http - INFO - Response: 200
2025-03-19 22:45:23,232 - http - INFO - Request: GET http://api_gateway:8000/health
2025-03-19 22:45:23,234 - http - INFO - Response: 200
2025-03-19 22:46:23,239 - http - INFO - Request: GET http://api_gateway:8000/health
2025-03-19 22:46:23,241 - http - INFO - Response: 200
2025-03-19 22:47:23,244 - http - INFO - Request: GET http://api_gateway:8000/health
2025-03-19 22:47:23,246 - http - INFO - Response: 200
2025-03-19 22:48:23,250 - http - INFO - Request: GET http://api_gateway:8000/health
2025-03-19 22:48:23,252 - http - INFO - Response: 200
2025-03-19 22:49:23,257 - http - INFO - Request: GET http://api_gateway:8000/health
2025-03-19 22:49:23,259 - http - INFO - Response: 200
2025-03-19 22:50:23,264 - http - INFO - Request: GET http://api_gateway:8000/health
2025-03-19 22:50:23,266 - http - INFO - Response: 200
2025-03-19 22:51:23,269 - http - INFO - Request: GET http://api_gateway:8000/health
2025-03-19 22:51:23,269 - http - INFO - Response: 200
2025-03-19 22:52:23,271 - http - INFO - Request: GET http://api_gateway:8000/health
2025-03-19 22:52:23,272 - http - INFO - Response: 200
2025-03-19 22:53:23,274 - http - INFO - Request: GET http://api_gateway:8000/health
2025-03-19 22:53:23,274 - http - INFO - Response: 200
2025-03-19 22:54:40,921 - http - INFO - Request: GET http://api_gateway:8000/health
2025-03-19 22:54:40,921 - http - INFO - Response: 200
2025-03-19 22:55:07,970 - http - INFO - Request: GET http://api_gateway:8000/health
2025-03-19 22:55:07,972 - http - INFO - Response: 200
2025-03-19 22:56:43,663 - http - INFO - Request: GET http://api_gateway:8000/health
2025-03-19 22:56:43,663 - http - INFO - Response: 200
2025-03-19 22:58:13,677 - http - INFO - Request: GET http://api_gateway:8000/health
2025-03-19 22:58:13,678 - http - INFO - Response: 200
2025-03-19 22:58:33,885 - http - INFO - Request: GET http://api_gateway:8000/health
2025-03-19 22:58:33,886 - http - INFO - Response: 200
2025-03-19 22:59:33,768 - http - INFO - Request: GET http://api_gateway:8000/health
2025-03-19 22:59:33,768 - http - INFO - Response: 200
2025-03-19 23:00:26,950 - http - INFO - Request: GET http://api_gateway:8000/health
2025-03-19 23:00:26,951 - http - INFO - Response: 200
2025-03-19 23:01:47,494 - http - INFO - Request: GET http://api_gateway:8000/health
2025-03-19 23:01:47,497 - http - INFO - Response: 200
2025-03-19 23:03:32,244 - http - INFO - Request: GET http://api_gateway:8000/health
2025-03-19 23:03:32,244 - http - INFO - Response: 200
2025-03-19 23:04:28,171 - http - INFO - Request: GET http://api_gateway:8000/health
2025-03-19 23:04:28,172 - http - INFO - Response: 200
2025-03-19 23:04:58,270 - http - INFO - Request: GET http://api_gateway:8000/health
2025-03-19 23:04:58,270 - http - INFO - Response: 200
2025-03-19 23:05:25,566 - http - INFO - Request: GET http://api_gateway:8000/health
2025-03-19 23:05:25,566 - http - INFO - Response: 200
2025-03-19 23:06:25,568 - http - INFO - Request: GET http://api_gateway:8000/health
2025-03-19 23:06:25,569 - http - INFO - Response: 200
2025-03-19 23:07:25,571 - http - INFO - Request: GET http://api_gateway:8000/health
2025-03-19 23:07:25,574 - http - INFO - Response: 200
2025-03-19 23:08:25,577 - http - INFO - Request: GET http://api_gateway:8000/health
2025-03-19 23:08:25,577 - http - INFO - Response: 200
2025-03-19 23:09:44,481 - http - INFO - Request: GET http://api_gateway:8000/health
2025-03-19 23:09:44,483 - http - INFO - Response: 200
2025-03-19 23:10:44,485 - http - INFO - Request: GET http://api_gateway:8000/health
2025-03-19 23:10:44,486 - http - INFO - Response: 200
2025-03-19 23:11:30,205 - http - INFO - Request: GET http://api_gateway:8000/health
2025-03-19 23:11:30,207 - http - INFO - Response: 200
2025-03-19 23:12:30,211 - http - INFO - Request: GET http://api_gateway:8000/health
2025-03-19 23:12:30,212 - http - INFO - Response: 200
2025-03-19 23:13:30,214 - http - INFO - Request: GET http://api_gateway:8000/health
2025-03-19 23:13:30,214 - http - INFO - Response: 200
2025-03-19 23:15:13,179 - http - INFO - Request: GET http://api_gateway:8000/health
2025-03-19 23:15:13,181 - http - INFO - Response: 200
2025-03-19 23:16:13,185 - http - INFO - Request: GET http://api_gateway:8000/health
2025-03-19 23:16:13,186 - http - INFO - Response: 200
2025-03-19 23:17:13,189 - http - INFO - Request: GET http://api_gateway:8000/health
2025-03-19 23:17:13,191 - http - INFO - Response: 200
2025-03-19 23:18:11,090 - http - INFO - Request: GET http://api_gateway:8000/health
2025-03-19 23:18:11,092 - http - INFO - Response: 200
2025-03-19 23:19:34,472 - http - INFO - Request: GET http://api_gateway:8000/health
2025-03-19 23:19:34,475 - http - INFO - Response: 200
2025-03-19 23:20:52,005 - http - INFO - Request: GET http://api_gateway:8000/health
2025-03-19 23:20:52,006 - http - INFO - Response: 200
2025-03-19 23:21:52,008 - http - INFO - Request: GET http://api_gateway:8000/health
2025-03-19 23:21:52,008 - http - INFO - Response: 200
2025-03-19 23:22:52,011 - http - INFO - Request: GET http://api_gateway:8000/health
2025-03-19 23:22:52,014 - http - INFO - Response: 200
2025-03-19 23:23:15,333 - http - INFO - Request: GET http://api_gateway:8000/health
2025-03-19 23:23:15,334 - http - INFO - Response: 200
2025-03-19 23:24:07,339 - http - INFO - Request: GET http://api_gateway:8000/health
2025-03-19 23:24:07,339 - http - INFO - Response: 200
2025-03-19 23:24:51,568 - http - INFO - Request: GET http://api_gateway:8000/health
2025-03-19 23:24:51,569 - http - INFO - Response: 200
2025-03-19 23:25:51,570 - http - INFO - Request: GET http://api_gateway:8000/health
2025-03-19 23:25:51,571 - http - INFO - Response: 200
2025-03-19 23:26:51,573 - http - INFO - Request: GET http://api_gateway:8000/health
2025-03-19 23:26:51,575 - http - INFO - Response: 200
2025-03-19 23:28:14,494 - http - INFO - Request: GET http://api_gateway:8000/health
2025-03-19 23:28:14,495 - http - INFO - Response: 200
2025-03-19 23:29:44,301 - http - INFO - Request: GET http://api_gateway:8000/health
2025-03-19 23:29:44,301 - http - INFO - Response: 200
2025-03-19 23:30:44,303 - http - INFO - Request: GET http://api_gateway:8000/health
2025-03-19 23:30:44,304 - http - INFO - Response: 200
2025-03-19 23:31:44,306 - http - INFO - Request: GET http://api_gateway:8000/health
2025-03-19 23:31:44,306 - http - INFO - Response: 200
2025-03-19 23:32:44,310 - http - INFO - Request: GET http://api_gateway:8000/health
2025-03-19 23:32:44,312 - http - INFO - Response: 200
2025-03-19 23:33:44,314 - http - INFO - Request: GET http://api_gateway:8000/health
2025-03-19 23:33:44,315 - http - INFO - Response: 200
2025-03-19 23:34:44,316 - http - INFO - Request: GET http://api_gateway:8000/health
2025-03-19 23:34:44,317 - http - INFO - Response: 200
2025-03-19 23:35:44,319 - http - INFO - Request: GET http://api_gateway:8000/health
2025-03-19 23:35:44,319 - http - INFO - Response: 200
2025-03-19 23:36:44,321 - http - INFO - Request: GET http://api_gateway:8000/health
2025-03-19 23:36:44,322 - http - INFO - Response: 200
2025-03-19 23:37:44,324 - http - INFO - Request: GET http://api_gateway:8000/health
2025-03-19 23:37:44,324 - http - INFO - Response: 200
2025-03-19 23:38:44,326 - http - INFO - Request: GET http://api_gateway:8000/health
2025-03-19 23:38:44,328 - http - INFO - Response: 200
2025-03-19 23:41:03,300 - http - INFO - Request: GET http://api_gateway:8000/health
2025-03-19 23:41:03,301 - http - INFO - Response: 200
2025-03-19 23:41:34,877 - http - INFO - Request: POST http://localhost/api/v1/authenticate/login
2025-03-19 23:41:34,888 - core.consul.discovery_service - ERROR - Error discovering service None: 503: Service None not found in Consul
2025-03-19 23:41:34,888 - http - INFO - Response: 503
2025-03-19 23:41:36,322 - http - INFO - Request: GET http://localhost/docs
2025-03-19 23:41:36,322 - http - INFO - Response: 200
2025-03-19 23:41:36,782 - http - INFO - Request: GET http://localhost/openapi.json
2025-03-19 23:41:36,809 - http - INFO - Response: 200
2025-03-19 23:41:40,224 - http - INFO - Request: POST http://localhost/api/v1/authenticate/login
2025-03-19 23:41:40,227 - core.consul.discovery_service - ERROR - Error discovering service None: 503: Service None not found in Consul
2025-03-19 23:41:40,227 - http - INFO - Response: 503
2025-03-19 23:41:47,730 - http - INFO - Request: POST http://localhost/api/v1/authenticate/login
2025-03-19 23:41:47,733 - core.consul.discovery_service - ERROR - Error discovering service None: 503: Service None not found in Consul
2025-03-19 23:41:47,733 - http - INFO - Response: 503
2025-03-19 23:42:03,303 - http - INFO - Request: GET http://api_gateway:8000/health
2025-03-19 23:42:03,304 - http - INFO - Response: 200
2025-03-19 23:43:03,306 - http - INFO - Request: GET http://api_gateway:8000/health
2025-03-19 23:43:03,307 - http - INFO - Response: 200
2025-03-19 23:44:46,066 - http - INFO - Request: GET http://api_gateway:8000/health
2025-03-19 23:44:46,068 - http - INFO - Response: 200
2025-03-19 23:44:53,322 - http - INFO - Request: POST http://localhost/api/v1/authenticate/login
2025-03-19 23:44:53,332 - core.consul.discovery_service - ERROR - Error discovering service None: 503: Service None not found in Consul
2025-03-19 23:44:53,332 - http - INFO - Response: 503
2025-03-19 23:45:46,071 - http - INFO - Request: GET http://api_gateway:8000/health
2025-03-19 23:45:46,075 - http - INFO - Response: 200
2025-03-19 23:46:09,694 - http - INFO - Request: GET http://api_gateway:8000/health
2025-03-19 23:46:09,697 - http - INFO - Response: 200
2025-03-19 23:47:09,701 - http - INFO - Request: GET http://api_gateway:8000/health
2025-03-19 23:47:09,704 - http - INFO - Response: 200
2025-03-19 23:48:22,167 - http - INFO - Request: GET http://api_gateway:8000/health
2025-03-19 23:48:22,168 - http - INFO - Response: 200
2025-03-19 23:49:11,437 - http - INFO - Request: GET http://api_gateway:8000/health
2025-03-19 23:49:11,438 - http - INFO - Response: 200
2025-03-19 23:49:15,362 - http - INFO - Request: POST http://localhost/api/v1/authenticate/login
2025-03-19 23:49:15,375 - core.consul.discovery_service - ERROR - Error discovering service http://engine:8000: 503: Service http://engine:8000 not found in Consul
2025-03-19 23:49:15,375 - http - INFO - Response: 503
2025-03-19 23:49:16,851 - http - INFO - Request: GET http://localhost/docs
2025-03-19 23:49:16,853 - http - INFO - Response: 200
2025-03-19 23:49:17,448 - http - INFO - Request: GET http://localhost/openapi.json
2025-03-19 23:49:17,473 - http - INFO - Response: 200
2025-03-19 23:49:21,546 - http - INFO - Request: POST http://localhost/api/v1/authenticate/login
2025-03-19 23:49:21,550 - core.consul.discovery_service - ERROR - Error discovering service http://engine:8000: 503: Service http://engine:8000 not found in Consul
2025-03-19 23:49:21,550 - http - INFO - Response: 503
2025-03-19 23:50:14,829 - http - INFO - Request: POST http://localhost/api/v1/authenticate/login
2025-03-19 23:50:14,840 - core.consul.discovery_service - ERROR - Error discovering service http://engine:8000: 503: Service http://engine:8000 not found in Consul
2025-03-19 23:50:14,840 - http - INFO - Response: 503
2025-03-19 23:50:48,264 - http - INFO - Request: GET http://api_gateway:8000/health
2025-03-19 23:50:48,265 - http - INFO - Response: 200
2025-03-19 23:51:31,692 - http - INFO - Request: POST http://localhost/api/v1/authenticate/login
2025-03-19 23:51:31,702 - core.consul.discovery_service - ERROR - Error discovering service http://engine:8000: 503: Service http://engine:8000 not found in Consul
2025-03-19 23:51:31,703 - http - INFO - Response: 503
2025-03-19 23:51:48,405 - http - INFO - Request: POST http://localhost/api/v1/authenticate/login
2025-03-19 23:51:48,418 - core.consul.discovery_service - ERROR - Error discovering service http://engine:8000: 503: Service http://engine:8000 not found in Consul
2025-03-19 23:51:48,418 - http - INFO - Response: 503
2025-03-19 23:51:53,889 - http - INFO - Request: GET http://api_gateway:8000/health
2025-03-19 23:51:53,891 - http - INFO - Response: 200
2025-03-19 23:52:12,893 - http - INFO - Request: GET http://api_gateway:8000/health
2025-03-19 23:52:12,896 - http - INFO - Response: 200
2025-03-19 23:52:20,266 - http - INFO - Request: POST http://localhost/api/v1/authenticate/login
2025-03-19 23:52:20,637 - http - INFO - Response: 200
2025-03-19 23:52:37,551 - http - INFO - Request: GET http://localhost/api/v1/users/1
2025-03-19 23:52:37,563 - http - INFO - Response: 200
2025-03-19 23:53:12,635 - http - INFO - Request: GET http://api_gateway:8000/health
2025-03-19 23:53:12,636 - http - INFO - Response: 200
2025-03-19 23:53:45,483 - http - INFO - Request: GET http://localhost/api/v1/users/1
2025-03-19 23:53:45,494 - http - INFO - Response: 200
2025-03-20 00:02:51,880 - http - INFO - Request: GET http://api_gateway:8000/health
2025-03-20 00:02:51,880 - http - INFO - Request: GET http://api_gateway:8000/health
2025-03-20 00:02:51,881 - http - INFO - Request: GET http://api_gateway:8000/health
2025-03-20 00:02:51,883 - http - INFO - Request: GET http://api_gateway:8000/health
2025-03-20 00:02:51,885 - http - INFO - Request: GET http://api_gateway:8000/health
2025-03-20 00:02:51,886 - http - INFO - Request: GET http://api_gateway:8000/health
2025-03-20 00:02:51,886 - http - INFO - Request: GET http://api_gateway:8000/health
2025-03-20 00:02:51,886 - http - INFO - Response: 200
2025-03-20 00:02:51,887 - http - INFO - Request: GET http://api_gateway:8000/health
2025-03-20 00:02:51,887 - http - INFO - Response: 200
2025-03-20 00:02:51,888 - http - INFO - Response: 200
2025-03-20 00:02:51,888 - http - INFO - Response: 200
2025-03-20 00:02:51,888 - http - INFO - Response: 200
2025-03-20 00:02:51,889 - http - INFO - Response: 200
2025-03-20 00:02:51,889 - http - INFO - Response: 200
2025-03-20 00:02:51,889 - http - INFO - Response: 200
2025-03-20 00:03:48,002 - http - INFO - Request: GET http://api_gateway:8000/health
2025-03-20 00:03:48,004 - http - INFO - Response: 200
2025-03-20 00:04:48,009 - http - INFO - Request: GET http://api_gateway:8000/health
2025-03-20 00:04:48,012 - http - INFO - Response: 200
2025-03-20 00:05:39,649 - http - INFO - Request: GET http://api_gateway:8000/health
2025-03-20 00:05:39,650 - http - INFO - Response: 200
2025-03-20 00:06:27,047 - http - INFO - Request: GET http://api_gateway:8000/health
2025-03-20 00:06:27,050 - http - INFO - Response: 200
2025-03-20 00:06:34,608 - http - INFO - Request: GET http://api_gateway:8000/health
2025-03-20 00:06:34,609 - http - INFO - Response: 200
2025-03-20 00:06:52,828 - http - INFO - Request: GET http://localhost/api/v1/users/1
2025-03-20 00:06:52,843 - http - INFO - Response: 200
2025-03-20 00:07:02,482 - http - INFO - Request: GET http://localhost/api/v1/groups?page=1&items_per_page=100
2025-03-20 00:07:02,499 - http - INFO - Response: 200
2025-03-20 00:07:09,376 - http - INFO - Request: GET http://localhost/api/v1/geographies/countries?page=1&items_per_page=100
2025-03-20 00:07:09,379 - core.consul.discovery_service - ERROR - Error discovering service avatar: 503: Service avatar not found in Consul
2025-03-20 00:07:09,380 - http - INFO - Response: 503
2025-03-20 00:07:18,815 - http - INFO - Request: GET http://api_gateway:8000/health
2025-03-20 00:07:18,816 - http - INFO - Response: 200
2025-03-20 00:08:16,943 - http - INFO - Request: GET http://api_gateway:8000/health
2025-03-20 00:08:16,946 - http - INFO - Response: 200
2025-03-20 00:09:16,952 - http - INFO - Request: GET http://api_gateway:8000/health
2025-03-20 00:09:16,954 - http - INFO - Response: 200
2025-03-20 00:09:44,117 - http - INFO - Request: GET http://localhost/api/v1/users/1
2025-03-20 00:09:44,200 - http - INFO - Response: 200
2025-03-20 00:10:20,375 - http - INFO - Request: GET http://api_gateway:8000/health
2025-03-20 00:10:20,378 - http - INFO - Response: 200
2025-03-20 00:11:20,382 - http - INFO - Request: GET http://api_gateway:8000/health
2025-03-20 00:11:20,384 - http - INFO - Response: 200
2025-03-20 00:12:20,389 - http - INFO - Request: GET http://api_gateway:8000/health
2025-03-20 00:12:20,392 - http - INFO - Response: 200
2025-03-20 00:13:20,397 - http - INFO - Request: GET http://api_gateway:8000/health
2025-03-20 00:13:20,399 - http - INFO - Response: 200
2025-03-20 00:14:20,402 - http - INFO - Request: GET http://api_gateway:8000/health
2025-03-20 00:14:20,403 - http - INFO - Response: 200
2025-03-20 00:15:20,404 - http - INFO - Request: GET http://api_gateway:8000/health
2025-03-20 00:15:20,405 - http - INFO - Response: 200
2025-03-20 00:16:20,407 - http - INFO - Request: GET http://api_gateway:8000/health
2025-03-20 00:16:20,408 - http - INFO - Response: 200
2025-03-20 00:17:20,409 - http - INFO - Request: GET http://api_gateway:8000/health
2025-03-20 00:17:20,410 - http - INFO - Response: 200
2025-03-20 00:18:20,415 - http - INFO - Request: GET http://api_gateway:8000/health
2025-03-20 00:18:20,417 - http - INFO - Response: 200
2025-03-20 00:19:20,422 - http - INFO - Request: GET http://api_gateway:8000/health
2025-03-20 00:19:20,423 - http - INFO - Response: 200
2025-03-20 00:20:20,426 - http - INFO - Request: GET http://api_gateway:8000/health
2025-03-20 00:20:20,427 - http - INFO - Response: 200
2025-03-20 00:21:20,429 - http - INFO - Request: GET http://api_gateway:8000/health
2025-03-20 00:21:20,429 - http - INFO - Response: 200
2025-03-20 00:22:20,431 - http - INFO - Request: GET http://api_gateway:8000/health
2025-03-20 00:22:20,433 - http - INFO - Response: 200
2025-03-20 00:23:20,438 - http - INFO - Request: GET http://api_gateway:8000/health
2025-03-20 00:23:20,440 - http - INFO - Response: 200
2025-03-20 00:24:20,443 - http - INFO - Request: GET http://api_gateway:8000/health
2025-03-20 00:24:20,445 - http - INFO - Response: 200
2025-03-20 00:25:20,449 - http - INFO - Request: GET http://api_gateway:8000/health
2025-03-20 00:25:20,449 - http - INFO - Response: 200
2025-03-20 00:26:20,453 - http - INFO - Request: GET http://api_gateway:8000/health
2025-03-20 00:26:20,454 - http - INFO - Response: 200
2025-03-20 00:27:20,457 - http - INFO - Request: GET http://api_gateway:8000/health
2025-03-20 00:27:20,458 - http - INFO - Response: 200
2025-03-20 00:28:20,461 - http - INFO - Request: GET http://api_gateway:8000/health
2025-03-20 00:28:20,462 - http - INFO - Response: 200
2025-03-20 00:29:20,463 - http - INFO - Request: GET http://api_gateway:8000/health
2025-03-20 00:29:20,463 - http - INFO - Response: 200
2025-03-20 00:30:20,467 - http - INFO - Request: GET http://api_gateway:8000/health
2025-03-20 00:30:20,469 - http - INFO - Response: 200
2025-03-20 00:31:20,472 - http - INFO - Request: GET http://api_gateway:8000/health
2025-03-20 00:31:20,475 - http - INFO - Response: 200
2025-03-20 00:32:20,482 - http - INFO - Request: GET http://api_gateway:8000/health
2025-03-20 00:32:20,484 - http - INFO - Response: 200
2025-03-20 00:33:20,488 - http - INFO - Request: GET http://api_gateway:8000/health
2025-03-20 00:33:20,490 - http - INFO - Response: 200
2025-03-20 00:33:53,587 - http - INFO - Request: GET http://api_gateway:8000/health
2025-03-20 00:33:53,588 - http - INFO - Response: 200
2025-03-20 00:34:53,591 - http - INFO - Request: GET http://api_gateway:8000/health
2025-03-20 00:34:53,592 - http - INFO - Response: 200
2025-03-20 00:35:53,593 - http - INFO - Request: GET http://api_gateway:8000/health
2025-03-20 00:35:53,594 - http - INFO - Response: 200
2025-03-20 00:37:00,359 - http - INFO - Request: GET http://api_gateway:8000/health
2025-03-20 00:37:00,360 - http - INFO - Response: 200
2025-03-20 00:38:31,902 - http - INFO - Request: GET http://localhost/api/v1/groups?page=1&items_per_page=100
2025-03-20 00:38:31,908 - http - INFO - Response: 200
2025-03-20 00:38:35,875 - http - INFO - Request: GET http://localhost/api/v1/geographies/countries?page=1&items_per_page=100
2025-03-20 00:38:35,932 - http - INFO - Response: 200
2025-03-20 00:38:40,257 - http - INFO - Request: GET http://localhost/api/v1/geographies/countries?page=1&items_per_page=100
2025-03-20 00:38:40,268 - http - INFO - Response: 200
2025-03-20 00:38:49,619 - http - INFO - Request: GET http://localhost/api/v1/geographies/provinces?page=1&items_per_page=100
2025-03-20 00:38:49,632 - http - INFO - Response: 200
2025-03-20 00:38:56,406 - http - INFO - Request: GET http://api_gateway:8000/health
2025-03-20 00:38:56,407 - http - INFO - Response: 200
2025-03-20 00:39:00,797 - http - INFO - Request: POST http://localhost/api/v1/geographies/countries
2025-03-20 00:39:00,828 - http - INFO - Response: 200
2025-03-20 00:39:06,478 - http - INFO - Request: GET http://localhost/api/v1/geographies/countries?page=1&items_per_page=100
2025-03-20 00:39:06,489 - http - INFO - Request: GET http://avatar:8000/api/v1/users/2
2025-03-20 00:39:06,547 - http - INFO - Response: 200
2025-03-20 00:39:06,548 - http - INFO - Response: 200
2025-03-20 00:39:19,830 - http - INFO - Request: GET http://localhost/api/v1/avatars?page=1&items_per_page=100
2025-03-20 00:39:19,850 - http - INFO - Response: 200
2025-03-20 00:39:36,753 - http - INFO - Request: GET http://localhost/api/v1/sectors?page=1&items_per_page=100
2025-03-20 00:39:36,762 - http - INFO - Response: 200
2025-03-20 00:39:42,813 - http - INFO - Request: POST http://localhost/api/v1/sectors
2025-03-20 00:39:42,829 - http - INFO - Response: 200
2025-03-20 00:39:46,976 - http - INFO - Request: GET http://localhost/api/v1/sectors?page=1&items_per_page=100
2025-03-20 00:39:46,984 - http - INFO - Request: GET http://avatar:8000/api/v1/users/2
2025-03-20 00:39:46,990 - http - INFO - Response: 200
2025-03-20 00:39:46,992 - http - INFO - Response: 200
2025-03-20 00:39:56,408 - http - INFO - Request: GET http://api_gateway:8000/health
2025-03-20 00:39:56,410 - http - INFO - Response: 200
2025-03-20 00:40:56,414 - http - INFO - Request: GET http://api_gateway:8000/health
2025-03-20 00:40:56,417 - http - INFO - Response: 200
2025-03-20 00:41:56,420 - http - INFO - Request: GET http://api_gateway:8000/health
2025-03-20 00:41:56,421 - http - INFO - Response: 200
2025-03-20 00:42:56,427 - http - INFO - Request: GET http://api_gateway:8000/health
2025-03-20 00:42:56,429 - http - INFO - Response: 200
2025-03-20 15:59:30,208 - http - INFO - Request: GET http://api_gateway:8000/health
2025-03-20 15:59:30,214 - http - INFO - Response: 200
2025-03-20 16:00:05,256 - http - INFO - Request: GET http://localhost/docs
2025-03-20 16:00:05,256 - http - INFO - Response: 200
2025-03-20 16:00:06,049 - http - INFO - Request: GET http://localhost/openapi.json
2025-03-20 16:00:06,075 - http - INFO - Response: 200
2025-03-20 16:00:30,221 - http - INFO - Request: GET http://api_gateway:8000/health
2025-03-20 16:00:30,224 - http - INFO - Response: 200
2025-03-20 16:01:30,229 - http - INFO - Request: GET http://api_gateway:8000/health
2025-03-20 16:01:30,234 - http - INFO - Response: 200
2025-03-20 16:02:30,239 - http - INFO - Request: GET http://api_gateway:8000/health
2025-03-20 16:02:30,241 - http - INFO - Response: 200
2025-03-20 16:02:45,517 - http - INFO - Request: POST http://localhost/api/v1/authenticate/login
2025-03-20 16:02:45,953 - http - INFO - Response: 200
2025-03-20 16:03:30,249 - http - INFO - Request: GET http://api_gateway:8000/health
2025-03-20 16:03:30,252 - http - INFO - Response: 200
2025-03-20 16:04:32,010 - http - INFO - Request: GET http://api_gateway:8000/health
2025-03-20 16:04:32,011 - http - INFO - Response: 200
2025-03-20 16:04:36,517 - http - INFO - Request: POST http://localhost/api/v1/authenticate/login
2025-03-20 16:04:36,910 - http - INFO - Response: 200
2025-03-20 16:04:37,398 - http - INFO - Request: POST http://localhost/api/v1/authenticate/login
2025-03-20 16:04:37,670 - http - INFO - Response: 200
2025-03-20 16:04:38,471 - http - INFO - Request: POST http://localhost/api/v1/authenticate/login
2025-03-20 16:04:38,795 - http - INFO - Response: 200
2025-03-20 16:04:39,051 - http - INFO - Request: POST http://localhost/api/v1/authenticate/login
2025-03-20 16:04:39,324 - http - INFO - Response: 200
2025-03-20 16:05:32,014 - http - INFO - Request: GET http://api_gateway:8000/health
2025-03-20 16:05:32,014 - http - INFO - Response: 200
2025-03-20 16:05:32,898 - http - INFO - Request: POST http://localhost/api/v1/authenticate/login
2025-03-20 16:05:33,195 - http - INFO - Response: 200
2025-03-20 16:06:32,021 - http - INFO - Request: GET http://api_gateway:8000/health
2025-03-20 16:06:32,024 - http - INFO - Response: 200
2025-03-20 16:06:42,389 - http - INFO - Request: GET http://api_gateway:8000/health
2025-03-20 16:06:42,394 - http - INFO - Response: 200
2025-03-20 16:07:03,015 - http - INFO - Request: POST http://localhost/api/v1/authenticate/refresh
2025-03-20 16:07:03,102 - http - INFO - Response: 200
2025-03-20 16:07:21,589 - http - INFO - Request: POST http://localhost/api/v1/authenticate/logout
2025-03-20 16:07:42,401 - http - INFO - Request: GET http://api_gateway:8000/health
2025-03-20 16:07:42,404 - http - INFO - Response: 200
2025-03-20 16:08:42,410 - http - INFO - Request: GET http://api_gateway:8000/health
2025-03-20 16:08:42,413 - http - INFO - Response: 200
2025-03-20 16:09:42,417 - http - INFO - Request: GET http://api_gateway:8000/health
2025-03-20 16:09:42,418 - http - INFO - Response: 200
2025-03-20 16:10:19,512 - http - INFO - Request: POST http://localhost/api/v1/authenticate/logout
2025-03-20 16:10:42,421 - http - INFO - Request: GET http://api_gateway:8000/health
2025-03-20 16:10:42,423 - http - INFO - Response: 200
2025-03-20 16:10:43,883 - http - INFO - Request: GET http://localhost/api/v1/users?page=1&items_per_page=100
2025-03-20 16:10:43,901 - http - INFO - Response: 200
2025-03-20 16:11:02,255 - http - INFO - Request: POST http://localhost/api/v1/authenticate/logout
2025-03-20 16:11:04,022 - http - INFO - Request: POST http://localhost/api/v1/authenticate/logout
2025-03-20 16:11:04,856 - http - INFO - Request: POST http://localhost/api/v1/authenticate/logout
2025-03-20 16:11:05,033 - http - INFO - Request: POST http://localhost/api/v1/authenticate/logout
2025-03-20 16:11:05,217 - http - INFO - Request: POST http://localhost/api/v1/authenticate/logout
2025-03-20 16:11:05,487 - http - INFO - Request: POST http://localhost/api/v1/authenticate/logout
2025-03-20 16:11:05,657 - http - INFO - Request: POST http://localhost/api/v1/authenticate/logout
2025-03-20 16:11:42,425 - http - INFO - Request: GET http://api_gateway:8000/health
2025-03-20 16:11:42,425 - http - INFO - Response: 200
2025-03-20 16:12:12,317 - http - INFO - Request: GET http://localhost/docs
2025-03-20 16:12:12,317 - http - INFO - Response: 200
2025-03-20 16:12:13,054 - http - INFO - Request: GET http://localhost/openapi.json
2025-03-20 16:12:13,075 - http - INFO - Response: 200
2025-03-20 16:12:43,232 - http - INFO - Request: GET http://api_gateway:8000/health
2025-03-20 16:12:43,237 - http - INFO - Response: 200
2025-03-20 16:13:43,242 - http - INFO - Request: GET http://api_gateway:8000/health
2025-03-20 16:13:43,243 - http - INFO - Response: 200
2025-03-20 16:14:43,250 - http - INFO - Request: GET http://api_gateway:8000/health
2025-03-20 16:14:43,252 - http - INFO - Response: 200
2025-03-20 16:15:43,260 - http - INFO - Request: GET http://api_gateway:8000/health
2025-03-20 16:15:43,262 - http - INFO - Response: 200
2025-03-20 16:16:43,273 - http - INFO - Request: GET http://api_gateway:8000/health
2025-03-20 16:16:43,275 - http - INFO - Response: 200
2025-03-20 16:17:43,280 - http - INFO - Request: GET http://api_gateway:8000/health
2025-03-20 16:17:43,281 - http - INFO - Response: 200
2025-03-20 16:18:43,286 - http - INFO - Request: GET http://api_gateway:8000/health
2025-03-20 16:18:43,289 - http - INFO - Response: 200
2025-03-20 16:19:27,179 - http - INFO - Request: GET http://localhost/docs
2025-03-20 16:19:27,180 - http - INFO - Response: 200
2025-03-20 16:19:27,837 - http - INFO - Request: GET http://localhost/openapi.json
2025-03-20 16:19:27,861 - http - INFO - Response: 200
2025-03-20 16:19:33,822 - http - INFO - Request: GET http://api_gateway:8000/health
2025-03-20 16:19:33,823 - http - INFO - Response: 200
2025-03-20 16:20:05,995 - http - INFO - Request: GET http://api_gateway:8000/health
2025-03-20 16:20:05,997 - http - INFO - Response: 200
2025-03-20 16:20:48,291 - http - INFO - Request: GET http://api_gateway:8000/health
2025-03-20 16:20:48,292 - http - INFO - Response: 200
2025-03-20 16:21:47,294 - http - INFO - Request: GET http://api_gateway:8000/health
2025-03-20 16:21:47,295 - http - INFO - Response: 200
2025-03-20 16:22:05,983 - http - INFO - Request: POST http://localhost/api/v1/authenticate/refresh
2025-03-20 16:22:05,984 - http - INFO - Response: 200
2025-03-20 16:24:51,824 - http - INFO - Request: GET http://api_gateway:8000/health
2025-03-20 16:24:51,829 - http - INFO - Response: 200
2025-03-20 16:25:51,835 - http - INFO - Request: GET http://api_gateway:8000/health
2025-03-20 16:25:51,838 - http - INFO - Response: 200
2025-03-20 16:26:51,843 - http - INFO - Request: GET http://api_gateway:8000/health
2025-03-20 16:26:51,847 - http - INFO - Response: 200
2025-03-20 16:27:51,852 - http - INFO - Request: GET http://api_gateway:8000/health
2025-03-20 16:27:51,853 - http - INFO - Response: 200
2025-03-20 16:28:51,855 - http - INFO - Request: GET http://api_gateway:8000/health
2025-03-20 16:28:51,857 - http - INFO - Response: 200
2025-03-20 16:29:51,863 - http - INFO - Request: GET http://api_gateway:8000/health
2025-03-20 16:29:51,866 - http - INFO - Response: 200
2025-03-20 16:30:51,872 - http - INFO - Request: GET http://api_gateway:8000/health
2025-03-20 16:30:51,875 - http - INFO - Response: 200
2025-03-20 16:31:51,880 - http - INFO - Request: GET http://api_gateway:8000/health
2025-03-20 16:31:51,884 - http - INFO - Response: 200
2025-03-20 16:32:51,889 - http - INFO - Request: GET http://api_gateway:8000/health
2025-03-20 16:32:51,891 - http - INFO - Response: 200
2025-03-20 16:33:51,898 - http - INFO - Request: GET http://api_gateway:8000/health
2025-03-20 16:33:51,900 - http - INFO - Response: 200
2025-03-20 16:34:51,905 - http - INFO - Request: GET http://api_gateway:8000/health
2025-03-20 16:34:51,908 - http - INFO - Response: 200
2025-03-20 16:35:51,914 - http - INFO - Request: GET http://api_gateway:8000/health
2025-03-20 16:35:51,916 - http - INFO - Response: 200
2025-03-20 16:36:51,926 - http - INFO - Request: GET http://api_gateway:8000/health
2025-03-20 16:36:51,928 - http - INFO - Response: 200
2025-03-20 16:37:51,931 - http - INFO - Request: GET http://api_gateway:8000/health
2025-03-20 16:37:51,932 - http - INFO - Response: 200
2025-03-20 16:38:51,935 - http - INFO - Request: GET http://api_gateway:8000/health
2025-03-20 16:38:51,936 - http - INFO - Response: 200
2025-03-20 16:39:51,942 - http - INFO - Request: GET http://api_gateway:8000/health
2025-03-20 16:39:51,945 - http - INFO - Response: 200
2025-03-20 16:40:51,950 - http - INFO - Request: GET http://api_gateway:8000/health
2025-03-20 16:40:51,952 - http - INFO - Response: 200
2025-03-20 16:41:51,959 - http - INFO - Request: GET http://api_gateway:8000/health
2025-03-20 16:41:51,961 - http - INFO - Response: 200
2025-03-20 16:42:51,967 - http - INFO - Request: GET http://api_gateway:8000/health
2025-03-20 16:42:51,972 - http - INFO - Response: 200
2025-03-20 16:43:51,978 - http - INFO - Request: GET http://api_gateway:8000/health
2025-03-20 16:43:51,980 - http - INFO - Response: 200
2025-03-20 16:44:51,986 - http - INFO - Request: GET http://api_gateway:8000/health
2025-03-20 16:44:51,989 - http - INFO - Response: 200
2025-03-20 16:45:51,994 - http - INFO - Request: GET http://api_gateway:8000/health
2025-03-20 16:45:51,998 - http - INFO - Response: 200
2025-03-20 16:46:52,003 - http - INFO - Request: GET http://api_gateway:8000/health
2025-03-20 16:46:52,006 - http - INFO - Response: 200
2025-03-20 16:47:52,012 - http - INFO - Request: GET http://api_gateway:8000/health
2025-03-20 16:47:52,015 - http - INFO - Response: 200
2025-03-20 16:48:52,020 - http - INFO - Request: GET http://api_gateway:8000/health
2025-03-20 16:48:52,023 - http - INFO - Response: 200
2025-03-20 16:49:52,028 - http - INFO - Request: GET http://api_gateway:8000/health
2025-03-20 16:49:52,031 - http - INFO - Response: 200
2025-03-20 16:50:52,038 - http - INFO - Request: GET http://api_gateway:8000/health
2025-03-20 16:50:52,039 - http - INFO - Response: 200
2025-03-20 16:51:52,044 - http - INFO - Request: GET http://api_gateway:8000/health
2025-03-20 16:51:52,047 - http - INFO - Response: 200
2025-03-20 16:52:52,059 - http - INFO - Request: GET http://api_gateway:8000/health
2025-03-20 16:52:52,062 - http - INFO - Response: 200
2025-03-20 16:53:52,069 - http - INFO - Request: GET http://api_gateway:8000/health
2025-03-20 16:53:52,071 - http - INFO - Response: 200
2025-03-20 16:54:52,077 - http - INFO - Request: GET http://api_gateway:8000/health
2025-03-20 16:54:52,080 - http - INFO - Response: 200
2025-03-20 16:54:59,651 - http - INFO - Request: POST http://localhost/api/v1/authenticate/logout
2025-03-20 16:55:14,265 - http - INFO - Request: POST http://localhost/api/v1/authenticate/logout
2025-03-20 16:55:29,989 - http - INFO - Request: POST http://localhost/api/v1/authenticate/logout
2025-03-20 16:55:29,989 - http - INFO - Response: 200
2025-03-20 16:55:44,900 - http - INFO - Request: GET http://api_gateway:8000/health
2025-03-20 16:55:44,905 - http - INFO - Response: 200
2025-03-20 16:56:34,269 - http - INFO - Request: GET http://api_gateway:8000/health
2025-03-20 16:56:34,270 - http - INFO - Response: 200
2025-03-20 16:57:34,165 - http - INFO - Request: GET http://localhost/api/v1/users?page=1&items_per_page=100
2025-03-20 16:57:34,173 - http - INFO - Response: 200
2025-03-20 16:57:34,273 - http - INFO - Request: GET http://api_gateway:8000/health
2025-03-20 16:57:34,274 - http - INFO - Response: 200
2025-03-20 16:57:57,789 - http - INFO - Request: GET http://localhost/api/v1/authenticate/logout
2025-03-20 16:57:57,792 - http - INFO - Response: 405
2025-03-20 16:58:09,714 - http - INFO - Request: POST http://localhost/api/v1/authenticate/logout
2025-03-20 16:58:09,718 - http - INFO - Response: 200
2025-03-20 16:58:17,897 - http - INFO - Request: GET http://api_gateway:8000/health
2025-03-20 16:58:17,902 - http - INFO - Response: 200
2025-03-20 16:58:20,001 - http - INFO - Request: GET http://localhost/api/v1/users?page=1&items_per_page=100
2025-03-20 16:58:20,005 - http - INFO - Response: 401
2025-03-20 16:59:17,909 - http - INFO - Request: GET http://api_gateway:8000/health
2025-03-20 16:59:17,912 - http - INFO - Response: 200
2025-03-20 17:00:17,919 - http - INFO - Request: GET http://api_gateway:8000/health
2025-03-20 17:00:17,923 - http - INFO - Response: 200
2025-03-20 17:01:17,926 - http - INFO - Request: GET http://api_gateway:8000/health
2025-03-20 17:01:17,927 - http - INFO - Response: 200
2025-03-20 17:02:17,931 - http - INFO - Request: GET http://api_gateway:8000/health
2025-03-20 17:02:17,932 - http - INFO - Response: 200
2025-03-20 17:03:02,295 - http - INFO - Request: POST http://localhost/api/v1/authenticate/login
2025-03-20 17:03:02,605 - http - INFO - Response: 200
2025-03-20 17:03:17,942 - http - INFO - Request: GET http://api_gateway:8000/health
2025-03-20 17:03:17,943 - http - INFO - Response: 200
2025-03-20 17:03:19,060 - http - INFO - Request: GET http://localhost/api/v1/users?page=1&items_per_page=100
2025-03-20 17:03:19,066 - http - INFO - Response: 200
2025-03-20 17:04:13,091 - http - INFO - Request: GET http://localhost/api/v1/users?page=1&items_per_page=100
2025-03-20 17:04:13,095 - http - INFO - Response: 200
2025-03-20 17:04:14,629 - http - INFO - Request: GET http://localhost/api/v1/users?page=1&items_per_page=100
2025-03-20 17:04:14,634 - http - INFO - Response: 200
2025-03-20 17:04:15,152 - http - INFO - Request: GET http://localhost/api/v1/users?page=1&items_per_page=100
2025-03-20 17:04:15,158 - http - INFO - Response: 200
2025-03-20 17:04:15,326 - http - INFO - Request: GET http://localhost/api/v1/users?page=1&items_per_page=100
2025-03-20 17:04:15,330 - http - INFO - Response: 200
2025-03-20 17:04:15,503 - http - INFO - Request: GET http://localhost/api/v1/users?page=1&items_per_page=100
2025-03-20 17:04:15,508 - http - INFO - Response: 200
2025-03-20 17:04:15,651 - http - INFO - Request: GET http://localhost/api/v1/users?page=1&items_per_page=100
2025-03-20 17:04:15,656 - http - INFO - Response: 200
2025-03-20 17:04:15,802 - http - INFO - Request: GET http://localhost/api/v1/users?page=1&items_per_page=100
2025-03-20 17:04:15,812 - http - INFO - Response: 200
2025-03-20 17:04:15,958 - http - INFO - Request: GET http://localhost/api/v1/users?page=1&items_per_page=100
2025-03-20 17:04:15,962 - http - INFO - Response: 200
2025-03-20 17:04:17,946 - http - INFO - Request: GET http://api_gateway:8000/health
2025-03-20 17:04:17,947 - http - INFO - Response: 200
2025-03-20 17:04:22,515 - http - INFO - Request: POST http://localhost/api/v1/users
2025-03-20 17:04:22,772 - http - INFO - Response: 200
2025-03-20 17:04:33,053 - http - INFO - Request: GET http://localhost/api/v1/users?page=1&items_per_page=100
2025-03-20 17:04:33,058 - http - INFO - Response: 200
2025-03-20 17:04:45,761 - http - INFO - Request: GET http://localhost/api/v1/users/2
2025-03-20 17:04:45,773 - http - INFO - Response: 200
2025-03-20 17:05:15,197 - http - INFO - Request: PUT http://localhost/api/v1/users/2
2025-03-20 17:05:15,217 - http - INFO - Response: 200
2025-03-20 17:05:17,951 - http - INFO - Request: GET http://api_gateway:8000/health
2025-03-20 17:05:17,953 - http - INFO - Response: 200
2025-03-20 17:05:22,196 - http - INFO - Request: GET http://localhost/api/v1/users/2
2025-03-20 17:05:22,206 - http - INFO - Response: 200
2025-03-20 17:05:29,529 - http - INFO - Request: DELETE http://localhost/api/v1/users/soft/2
2025-03-20 17:05:29,546 - http - INFO - Response: 200
2025-03-20 17:05:39,265 - http - INFO - Request: GET http://localhost/api/v1/groups?page=1&items_per_page=100
2025-03-20 17:05:39,279 - http - INFO - Response: 200
2025-03-20 17:05:46,374 - http - INFO - Request: GET http://localhost/docs
2025-03-20 17:05:46,375 - http - INFO - Response: 200
2025-03-20 17:05:47,055 - http - INFO - Request: GET http://localhost/openapi.json
2025-03-20 17:05:47,076 - http - INFO - Response: 200
2025-03-20 17:06:17,961 - http - INFO - Request: GET http://api_gateway:8000/health
2025-03-20 17:06:17,964 - http - INFO - Response: 200
2025-03-20 17:07:17,971 - http - INFO - Request: GET http://api_gateway:8000/health
2025-03-20 17:07:17,973 - http - INFO - Response: 200
2025-03-20 17:08:17,983 - http - INFO - Request: GET http://api_gateway:8000/health
2025-03-20 17:08:17,984 - http - INFO - Response: 200
2025-03-20 17:09:17,990 - http - INFO - Request: GET http://api_gateway:8000/health
2025-03-20 17:09:17,992 - http - INFO - Response: 200
2025-03-20 17:10:06,461 - http - INFO - Request: GET http://localhost/api/v1/geographies/countries?page=1&items_per_page=100
2025-03-20 17:10:06,559 - http - INFO - Response: 200
2025-03-20 17:10:08,314 - http - INFO - Request: GET http://localhost/api/v1/geographies/countries?page=1&items_per_page=100
2025-03-20 17:10:08,324 - http - INFO - Response: 200
2025-03-20 17:10:08,941 - http - INFO - Request: GET http://localhost/api/v1/geographies/countries?page=1&items_per_page=100
2025-03-20 17:10:08,951 - http - INFO - Response: 200
2025-03-20 17:10:09,117 - http - INFO - Request: GET http://localhost/api/v1/geographies/countries?page=1&items_per_page=100
2025-03-20 17:10:09,126 - http - INFO - Response: 200
2025-03-20 17:10:09,253 - http - INFO - Request: GET http://localhost/api/v1/geographies/countries?page=1&items_per_page=100
2025-03-20 17:10:09,262 - http - INFO - Response: 200
2025-03-20 17:10:09,448 - http - INFO - Request: GET http://localhost/api/v1/geographies/countries?page=1&items_per_page=100
2025-03-20 17:10:09,458 - http - INFO - Response: 200
2025-03-20 17:10:09,603 - http - INFO - Request: GET http://localhost/api/v1/geographies/countries?page=1&items_per_page=100
2025-03-20 17:10:09,613 - http - INFO - Response: 200
2025-03-20 17:10:09,776 - http - INFO - Request: GET http://localhost/api/v1/geographies/countries?page=1&items_per_page=100
2025-03-20 17:10:09,787 - http - INFO - Response: 200
2025-03-20 17:10:10,024 - http - INFO - Request: GET http://localhost/api/v1/geographies/countries?page=1&items_per_page=100
2025-03-20 17:10:10,032 - http - INFO - Response: 200
2025-03-20 17:10:10,149 - http - INFO - Request: GET http://localhost/api/v1/geographies/countries?page=1&items_per_page=100
2025-03-20 17:10:10,159 - http - INFO - Response: 200
2025-03-20 17:10:10,269 - http - INFO - Request: GET http://localhost/api/v1/geographies/countries?page=1&items_per_page=100
2025-03-20 17:10:10,278 - http - INFO - Response: 200
2025-03-20 17:10:10,424 - http - INFO - Request: GET http://localhost/api/v1/geographies/countries?page=1&items_per_page=100
2025-03-20 17:10:10,432 - http - INFO - Response: 200
2025-03-20 17:10:10,622 - http - INFO - Request: GET http://localhost/api/v1/geographies/countries?page=1&items_per_page=100
2025-03-20 17:10:10,632 - http - INFO - Response: 200
2025-03-20 17:10:10,810 - http - INFO - Request: GET http://localhost/api/v1/geographies/countries?page=1&items_per_page=100
2025-03-20 17:10:10,818 - http - INFO - Response: 200
2025-03-20 17:10:16,905 - http - INFO - Request: GET http://localhost/api/v1/geographies/countries?page=1&items_per_page=100
2025-03-20 17:10:16,914 - http - INFO - Response: 200
2025-03-20 17:10:17,436 - http - INFO - Request: GET http://localhost/api/v1/geographies/countries?page=1&items_per_page=100
2025-03-20 17:10:17,445 - http - INFO - Response: 200
2025-03-20 17:10:17,701 - http - INFO - Request: GET http://localhost/api/v1/geographies/countries?page=1&items_per_page=100
2025-03-20 17:10:17,711 - http - INFO - Response: 200
2025-03-20 17:10:17,872 - http - INFO - Request: GET http://localhost/api/v1/geographies/countries?page=1&items_per_page=100
2025-03-20 17:10:17,882 - http - INFO - Response: 200
2025-03-20 17:10:17,996 - http - INFO - Request: GET http://api_gateway:8000/health
2025-03-20 17:10:17,996 - http - INFO - Response: 200
2025-03-20 17:10:18,113 - http - INFO - Request: GET http://localhost/api/v1/geographies/countries?page=1&items_per_page=100
2025-03-20 17:10:18,123 - http - INFO - Response: 200
2025-03-20 17:10:18,327 - http - INFO - Request: GET http://localhost/api/v1/geographies/countries?page=1&items_per_page=100
2025-03-20 17:10:18,336 - http - INFO - Response: 200
2025-03-20 17:10:18,495 - http - INFO - Request: GET http://localhost/api/v1/geographies/countries?page=1&items_per_page=100
2025-03-20 17:10:18,505 - http - INFO - Response: 200
2025-03-20 17:10:18,799 - http - INFO - Request: GET http://localhost/api/v1/geographies/countries?page=1&items_per_page=100
2025-03-20 17:10:18,807 - http - INFO - Response: 200
2025-03-20 17:10:18,944 - http - INFO - Request: GET http://localhost/api/v1/geographies/countries?page=1&items_per_page=100
2025-03-20 17:10:18,953 - http - INFO - Response: 200
2025-03-20 17:10:19,197 - http - INFO - Request: GET http://localhost/api/v1/geographies/countries?page=1&items_per_page=100
2025-03-20 17:10:19,206 - http - INFO - Response: 200
2025-03-20 17:10:19,771 - http - INFO - Request: GET http://localhost/api/v1/geographies/countries?page=1&items_per_page=100
2025-03-20 17:10:19,782 - http - INFO - Response: 200
2025-03-20 17:10:20,275 - http - INFO - Request: GET http://localhost/api/v1/geographies/countries?page=1&items_per_page=100
2025-03-20 17:10:20,283 - http - INFO - Response: 200
2025-03-20 17:10:20,411 - http - INFO - Request: GET http://localhost/api/v1/geographies/countries?page=1&items_per_page=100
2025-03-20 17:10:20,421 - http - INFO - Response: 200
2025-03-20 17:10:20,580 - http - INFO - Request: GET http://localhost/api/v1/geographies/countries?page=1&items_per_page=100
2025-03-20 17:10:20,590 - http - INFO - Response: 200
2025-03-20 17:10:20,734 - http - INFO - Request: GET http://localhost/api/v1/geographies/countries?page=1&items_per_page=100
2025-03-20 17:10:20,743 - http - INFO - Response: 200
2025-03-20 17:10:30,041 - http - INFO - Request: POST http://localhost/api/v1/geographies/countries
2025-03-20 17:10:30,068 - http - INFO - Response: 200
2025-03-20 17:10:40,074 - http - INFO - Request: GET http://localhost/api/v1/geographies/countries/1
2025-03-20 17:10:40,086 - http - INFO - Request: GET http://avatar:8000/api/v1/users/1
2025-03-20 17:10:40,123 - http - INFO - Response: 200
2025-03-20 17:10:40,126 - http - INFO - Response: 200
2025-03-20 17:10:41,255 - http - INFO - Request: GET http://localhost/api/v1/geographies/countries/1
2025-03-20 17:10:41,259 - http - INFO - Response: 200
2025-03-20 17:10:41,650 - http - INFO - Request: GET http://localhost/api/v1/geographies/countries/1
2025-03-20 17:10:41,654 - http - INFO - Response: 200
2025-03-20 17:10:41,827 - http - INFO - Request: GET http://localhost/api/v1/geographies/countries/1
2025-03-20 17:10:41,831 - http - INFO - Response: 200
2025-03-20 17:10:41,972 - http - INFO - Request: GET http://localhost/api/v1/geographies/countries/1
2025-03-20 17:10:41,977 - http - INFO - Response: 200
2025-03-20 17:10:42,263 - http - INFO - Request: GET http://localhost/api/v1/geographies/countries/1
2025-03-20 17:10:42,268 - http - INFO - Response: 200
2025-03-20 17:10:42,417 - http - INFO - Request: GET http://localhost/api/v1/geographies/countries/1
2025-03-20 17:10:42,422 - http - INFO - Response: 200
2025-03-20 17:10:42,586 - http - INFO - Request: GET http://localhost/api/v1/geographies/countries/1
2025-03-20 17:10:42,591 - http - INFO - Response: 200
2025-03-20 17:11:03,180 - http - INFO - Request: PUT http://localhost/api/v1/geographies/countries/1
2025-03-20 17:11:03,204 - http - INFO - Response: 200
2025-03-20 17:11:17,998 - http - INFO - Request: GET http://api_gateway:8000/health
2025-03-20 17:11:17,999 - http - INFO - Response: 200
2025-03-20 17:12:18,004 - http - INFO - Request: GET http://api_gateway:8000/health
2025-03-20 17:12:18,007 - http - INFO - Response: 200
2025-03-20 17:13:18,010 - http - INFO - Request: GET http://api_gateway:8000/health
2025-03-20 17:13:18,012 - http - INFO - Response: 200
2025-03-20 17:14:18,015 - http - INFO - Request: GET http://api_gateway:8000/health
2025-03-20 17:14:18,016 - http - INFO - Response: 200
2025-03-20 17:15:18,020 - http - INFO - Request: GET http://api_gateway:8000/health
2025-03-20 17:15:18,021 - http - INFO - Response: 200
2025-03-20 17:16:18,026 - http - INFO - Request: GET http://api_gateway:8000/health
2025-03-20 17:16:18,028 - http - INFO - Response: 200
2025-03-20 17:17:18,032 - http - INFO - Request: GET http://api_gateway:8000/health
2025-03-20 17:17:18,033 - http - INFO - Response: 200
2025-03-20 17:18:18,037 - http - INFO - Request: GET http://api_gateway:8000/health
2025-03-20 17:18:18,039 - http - INFO - Response: 200
2025-03-20 17:19:18,043 - http - INFO - Request: GET http://api_gateway:8000/health
2025-03-20 17:19:18,045 - http - INFO - Response: 200
2025-03-20 17:19:55,643 - http - INFO - Request: GET http://localhost/api/v1/geographies/provinces?page=1&items_per_page=100
2025-03-20 17:19:55,706 - http - INFO - Response: 200
2025-03-20 17:20:01,773 - http - INFO - Request: POST http://localhost/api/v1/geographies/provinces
2025-03-20 17:20:01,797 - http - INFO - Response: 200
2025-03-20 17:20:08,145 - http - INFO - Request: GET http://localhost/api/v1/geographies/provinces/1
2025-03-20 17:20:08,158 - http - INFO - Request: GET http://avatar:8000/api/v1/users/1
2025-03-20 17:20:08,169 - http - INFO - Response: 200
2025-03-20 17:20:08,172 - http - INFO - Response: 200
2025-03-20 17:20:18,050 - http - INFO - Request: GET http://api_gateway:8000/health
2025-03-20 17:20:18,053 - http - INFO - Response: 200
2025-03-20 17:21:18,066 - http - INFO - Request: GET http://api_gateway:8000/health
2025-03-20 17:21:18,071 - http - INFO - Response: 200
2025-03-20 17:22:18,080 - http - INFO - Request: GET http://api_gateway:8000/health
2025-03-20 17:22:18,083 - http - INFO - Response: 200
2025-03-20 17:23:18,087 - http - INFO - Request: GET http://api_gateway:8000/health
2025-03-20 17:23:18,088 - http - INFO - Response: 200
2025-03-20 17:24:18,091 - http - INFO - Request: GET http://api_gateway:8000/health
2025-03-20 17:24:18,094 - http - INFO - Response: 200
2025-03-20 17:25:18,099 - http - INFO - Request: GET http://api_gateway:8000/health
2025-03-20 17:25:18,101 - http - INFO - Response: 200
2025-03-20 17:26:18,106 - http - INFO - Request: GET http://api_gateway:8000/health
2025-03-20 17:26:18,107 - http - INFO - Response: 200
2025-03-20 17:27:18,109 - http - INFO - Request: GET http://api_gateway:8000/health
2025-03-20 17:27:18,110 - http - INFO - Response: 200
2025-03-20 17:28:18,112 - http - INFO - Request: GET http://api_gateway:8000/health
2025-03-20 17:28:18,112 - http - INFO - Response: 200
2025-03-20 17:29:18,114 - http - INFO - Request: GET http://api_gateway:8000/health
2025-03-20 17:29:18,115 - http - INFO - Response: 200
2025-03-20 17:30:18,117 - http - INFO - Request: GET http://api_gateway:8000/health
2025-03-20 17:30:18,118 - http - INFO - Response: 200
2025-03-20 17:30:43,216 - http - INFO - Request: GET http://api_gateway:8000/health
2025-03-20 17:30:43,217 - http - INFO - Response: 200
2025-03-20 17:30:56,660 - http - INFO - Request: GET http://api_gateway:8000/health
2025-03-20 17:30:56,666 - http - INFO - Response: 200
2025-03-20 17:31:04,739 - http - INFO - Request: GET http://api_gateway:8000/health
2025-03-20 17:31:04,740 - http - INFO - Response: 200
2025-03-20 17:31:12,861 - http - INFO - Request: GET http://api_gateway:8000/health
2025-03-20 17:31:12,862 - http - INFO - Response: 200
2025-03-20 17:31:22,866 - http - INFO - Request: GET http://api_gateway:8000/health
2025-03-20 17:31:22,869 - http - INFO - Response: 200
2025-03-20 17:31:32,876 - http - INFO - Request: GET http://api_gateway:8000/health
2025-03-20 17:31:32,879 - http - INFO - Response: 200
2025-03-20 17:31:42,884 - http - INFO - Request: GET http://api_gateway:8000/health
2025-03-20 17:31:42,887 - http - INFO - Response: 200
2025-03-20 17:31:52,893 - http - INFO - Request: GET http://api_gateway:8000/health
2025-03-20 17:31:52,896 - http - INFO - Response: 200
2025-03-20 17:32:02,903 - http - INFO - Request: GET http://api_gateway:8000/health
2025-03-20 17:32:02,904 - http - INFO - Response: 200
2025-03-20 17:32:12,909 - http - INFO - Request: GET http://api_gateway:8000/health
2025-03-20 17:32:12,912 - http - INFO - Response: 200
2025-03-20 17:32:29,381 - http - INFO - Request: GET http://api_gateway:8000/health
2025-03-20 17:32:29,386 - http - INFO - Response: 200
2025-03-20 17:32:32,574 - http - INFO - Request: GET http://api_gateway:8000/health
2025-03-20 17:32:32,577 - http - INFO - Response: 200
2025-03-20 17:32:42,579 - http - INFO - Request: GET http://api_gateway:8000/health
2025-03-20 17:32:42,580 - http - INFO - Response: 200
2025-03-20 17:32:52,583 - http - INFO - Request: GET http://api_gateway:8000/health
2025-03-20 17:32:52,584 - http - INFO - Response: 200
2025-03-20 17:33:02,586 - http - INFO - Request: GET http://api_gateway:8000/health
2025-03-20 17:33:02,586 - http - INFO - Response: 200
2025-03-20 17:33:19,336 - http - INFO - Request: GET http://api_gateway:8000/health
2025-03-20 17:33:19,340 - http - INFO - Response: 200
2025-03-20 17:33:32,438 - http - INFO - Request: GET http://api_gateway:8000/health
2025-03-20 17:33:32,441 - http - INFO - Response: 200
2025-03-20 17:33:38,629 - http - INFO - Request: GET http://api_gateway:8000/health
2025-03-20 17:33:38,630 - http - INFO - Response: 200
2025-03-20 17:33:48,632 - http - INFO - Request: GET http://api_gateway:8000/health
2025-03-20 17:33:48,633 - http - INFO - Response: 200
2025-03-20 17:33:58,636 - http - INFO - Request: GET http://api_gateway:8000/health
2025-03-20 17:33:58,637 - http - INFO - Response: 200
2025-03-20 17:34:02,024 - http - INFO - Request: GET http://api_gateway:8000/health
2025-03-20 17:34:02,028 - http - INFO - Response: 200
2025-03-20 17:34:15,178 - http - INFO - Request: GET http://api_gateway:8000/health
2025-03-20 17:34:15,184 - http - INFO - Response: 200
2025-03-20 17:34:25,190 - http - INFO - Request: GET http://api_gateway:8000/health
2025-03-20 17:34:25,192 - http - INFO - Response: 200
2025-03-20 17:34:35,194 - http - INFO - Request: GET http://api_gateway:8000/health
2025-03-20 17:34:35,195 - http - INFO - Response: 200
2025-03-20 17:34:44,865 - http - INFO - Request: GET http://api_gateway:8000/health
2025-03-20 17:34:44,866 - http - INFO - Response: 200
2025-03-20 17:34:53,712 - http - INFO - Request: GET http://api_gateway:8000/health
2025-03-20 17:34:53,713 - http - INFO - Response: 200
2025-03-20 17:35:20,514 - http - INFO - Request: GET http://api_gateway:8000/health
2025-03-20 17:35:20,519 - http - INFO - Response: 200
2025-03-20 17:36:08,078 - http - INFO - Request: GET http://api_gateway:8000/health
2025-03-20 17:36:08,081 - http - INFO - Response: 200
2025-03-20 17:37:17,252 - http - INFO - Request: GET http://api_gateway:8000/health
2025-03-20 17:37:17,256 - http - INFO - Response: 200
2025-03-20 17:38:17,261 - http - INFO - Request: GET http://api_gateway:8000/health
2025-03-20 17:38:17,264 - http - INFO - Response: 200
2025-03-20 17:39:17,271 - http - INFO - Request: GET http://api_gateway:8000/health
2025-03-20 17:39:17,273 - http - INFO - Response: 200
2025-03-20 17:40:17,282 - http - INFO - Request: GET http://api_gateway:8000/health
2025-03-20 17:40:17,283 - http - INFO - Response: 200
2025-03-20 17:41:17,287 - http - INFO - Request: GET http://api_gateway:8000/health
2025-03-20 17:41:17,290 - http - INFO - Response: 200
2025-03-20 17:41:40,138 - http - INFO - Request: GET http://localhost/api/v1/geographies/provinces/1
2025-03-20 17:41:40,207 - http - INFO - Response: 200
2025-03-20 17:41:44,565 - http - INFO - Request: GET http://localhost/api/v1/geographies/provinces/1
2025-03-20 17:41:44,575 - http - INFO - Response: 200
2025-03-20 17:41:45,474 - http - INFO - Request: GET http://localhost/api/v1/geographies/provinces/1
2025-03-20 17:41:45,478 - http - INFO - Response: 200
2025-03-20 17:42:17,296 - http - INFO - Request: GET http://api_gateway:8000/health
2025-03-20 17:42:17,299 - http - INFO - Response: 200
2025-03-20 17:43:17,303 - http - INFO - Request: GET http://api_gateway:8000/health
2025-03-20 17:43:17,304 - http - INFO - Response: 200
2025-03-20 17:44:17,309 - http - INFO - Request: GET http://api_gateway:8000/health
2025-03-20 17:44:17,312 - http - INFO - Response: 200
2025-03-20 17:45:17,314 - http - INFO - Request: GET http://api_gateway:8000/health
2025-03-20 17:45:17,315 - http - INFO - Response: 200
2025-03-20 17:46:17,318 - http - INFO - Request: GET http://api_gateway:8000/health
2025-03-20 17:46:17,318 - http - INFO - Response: 200
2025-03-20 17:47:17,322 - http - INFO - Request: GET http://api_gateway:8000/health
2025-03-20 17:47:17,324 - http - INFO - Response: 200
2025-03-20 17:48:17,330 - http - INFO - Request: GET http://api_gateway:8000/health
2025-03-20 17:48:17,332 - http - INFO - Response: 200
2025-03-20 17:49:17,338 - http - INFO - Request: GET http://api_gateway:8000/health
2025-03-20 17:49:17,340 - http - INFO - Response: 200
2025-03-20 17:50:17,346 - http - INFO - Request: GET http://api_gateway:8000/health
2025-03-20 17:50:17,348 - http - INFO - Response: 200
2025-03-20 17:51:17,353 - http - INFO - Request: GET http://api_gateway:8000/health
2025-03-20 17:51:17,354 - http - INFO - Response: 200
2025-03-20 17:52:17,357 - http - INFO - Request: GET http://api_gateway:8000/health
2025-03-20 17:52:17,358 - http - INFO - Response: 200
2025-03-20 17:53:17,364 - http - INFO - Request: GET http://api_gateway:8000/health
2025-03-20 17:53:17,367 - http - INFO - Response: 200
2025-03-20 17:54:17,371 - http - INFO - Request: GET http://api_gateway:8000/health
2025-03-20 17:54:17,372 - http - INFO - Response: 200
2025-03-20 17:55:17,376 - http - INFO - Request: GET http://api_gateway:8000/health
2025-03-20 17:55:17,378 - http - INFO - Response: 200
2025-03-20 17:56:17,383 - http - INFO - Request: GET http://api_gateway:8000/health
2025-03-20 17:56:17,386 - http - INFO - Response: 200
2025-03-20 17:57:17,390 - http - INFO - Request: GET http://api_gateway:8000/health
2025-03-20 17:57:17,392 - http - INFO - Response: 200
2025-03-20 17:57:36,363 - http - INFO - Request: GET http://localhost/api/v1/geographies/provinces/1
2025-03-20 17:57:36,368 - http - INFO - Response: 200
2025-03-20 17:58:00,846 - http - INFO - Request: GET http://localhost/api/v1/geographies/provinces/1
2025-03-20 17:58:00,917 - http - INFO - Request: GET http://avatar:8000/api/v1/users/1
2025-03-20 17:58:00,984 - http - INFO - Response: 200
2025-03-20 17:58:00,987 - http - INFO - Response: 200
2025-03-20 17:58:17,395 - http - INFO - Request: GET http://api_gateway:8000/health
2025-03-20 17:58:17,395 - http - INFO - Response: 200
2025-03-20 17:59:01,413 - http - INFO - Request: GET http://localhost/api/v1/geographies/provinces/1
2025-03-20 17:59:01,491 - http - INFO - Request: GET http://avatar:8000/api/v1/users/1
2025-03-20 17:59:01,506 - http - INFO - Response: 200
2025-03-20 17:59:01,510 - http - INFO - Response: 200
2025-03-20 17:59:12,153 - http - INFO - Request: GET http://localhost/api/v1/geographies/provinces/1
2025-03-20 17:59:12,159 - http - INFO - Response: 200
2025-03-20 17:59:12,938 - http - INFO - Request: GET http://localhost/api/v1/geographies/provinces/1
2025-03-20 17:59:12,943 - http - INFO - Response: 200
2025-03-20 17:59:13,381 - http - INFO - Request: GET http://localhost/api/v1/geographies/provinces/1
2025-03-20 17:59:13,386 - http - INFO - Response: 200
2025-03-20 17:59:13,629 - http - INFO - Request: GET http://localhost/api/v1/geographies/provinces/1
2025-03-20 17:59:13,634 - http - INFO - Response: 200
2025-03-20 17:59:13,939 - http - INFO - Request: GET http://localhost/api/v1/geographies/provinces/1
2025-03-20 17:59:13,945 - http - INFO - Response: 200
2025-03-20 17:59:14,224 - http - INFO - Request: GET http://localhost/api/v1/geographies/provinces/1
2025-03-20 17:59:14,230 - http - INFO - Response: 200
2025-03-20 17:59:14,460 - http - INFO - Request: GET http://localhost/api/v1/geographies/provinces/1
2025-03-20 17:59:14,464 - http - INFO - Response: 200
2025-03-20 17:59:14,792 - http - INFO - Request: GET http://localhost/api/v1/geographies/provinces/1
2025-03-20 17:59:14,798 - http - INFO - Response: 200
2025-03-20 17:59:15,179 - http - INFO - Request: GET http://localhost/api/v1/geographies/provinces/1
2025-03-20 17:59:15,183 - http - INFO - Response: 200
2025-03-20 17:59:15,904 - http - INFO - Request: GET http://localhost/api/v1/geographies/provinces/1
2025-03-20 17:59:15,908 - http - INFO - Response: 200
2025-03-20 17:59:16,250 - http - INFO - Request: GET http://localhost/api/v1/geographies/provinces/1
2025-03-20 17:59:16,256 - http - INFO - Response: 200
2025-03-20 17:59:16,581 - http - INFO - Request: GET http://localhost/api/v1/geographies/provinces/1
2025-03-20 17:59:16,585 - http - INFO - Response: 200
2025-03-20 17:59:16,830 - http - INFO - Request: GET http://localhost/api/v1/geographies/provinces/1
2025-03-20 17:59:16,834 - http - INFO - Response: 200
2025-03-20 17:59:49,515 - http - INFO - Request: GET http://api_gateway:8000/health
2025-03-20 17:59:49,520 - http - INFO - Response: 200
